<?xml version="1.0" encoding="UTF-8"?>
<!-- Generated by org.testng.reporters.JUnitXMLReporter -->
<testsuite ignored="3" hostname="Ansalnas-MacBook-Air.local" failures="1" tests="1" name="Default test" time="147.545" errors="0" timestamp="2025-07-30T22:50:44 EDT">
  <testcase classname="testClasses.userTestClass" name="verifyUserIsAbleToSelectShowEntryDropdowninUserPage" time="143.569">
    <failure type="java.lang.StackOverflowError">
      <![CDATA[java.lang.StackOverflowError
at java.base/java.lang.Exception.<init>(Exception.java:103)
at java.base/java.lang.ReflectiveOperationException.<init>(ReflectiveOperationException.java:90)
at java.base/java.lang.reflect.InvocationTargetException.<init>(InvocationTargetException.java:68)
at java.base/jdk.internal.reflect.DirectMethodHandleAccessor.invoke(DirectMethodHandleAccessor.java:118)
at java.base/java.lang.reflect.Method.invoke(Method.java:580)
at org.openqa.selenium.support.pagefactory.internal.LocatingElementHandler.invoke(LocatingElementHandler.java:51)
at jdk.proxy2/jdk.proxy2.$Proxy12.isDisplayed(Unknown Source)
at org.openqa.selenium.support.ui.ExpectedConditions.elementIfVisible(ExpectedConditions.java:304)
at org.openqa.selenium.support.ui.ExpectedConditions$10.apply(ExpectedConditions.java:290)
at org.openqa.selenium.support.ui.ExpectedConditions$10.apply(ExpectedConditions.java:287)
at org.openqa.selenium.support.ui.FluentWait.until(FluentWait.java:203)
at utilities.WaitUtilities.waitForElementTobeVisible(WaitUtilities.java:47)
at pageClasses.UserPageClass.getTextOfStatuse(UserPageClass.java:87)
at pageClasses.UserPageClass.getTextOfStatuse(UserPageClass.java:88)
at pageClasses.UserPageClass.getTextOfStatuse(UserPageClass.java:88)
at pageClasses.UserPageClass.getTextOfStatuse(UserPageClass.java:88)
at pageClasses.UserPageClass.getTextOfStatuse(UserPageClass.java:88)
at pageClasses.UserPageClass.getTextOfStatuse(UserPageClass.java:88)
at pageClasses.UserPageClass.getTextOfStatuse(UserPageClass.java:88)
at pageClasses.UserPageClass.getTextOfStatuse(UserPageClass.java:88)
at pageClasses.UserPageClass.getTextOfStatuse(UserPageClass.java:88)
at pageClasses.UserPageClass.getTextOfStatuse(UserPageClass.java:88)
at pageClasses.UserPageClass.getTextOfStatuse(UserPageClass.java:88)
at pageClasses.UserPageClass.getTextOfStatuse(UserPageClass.java:88)
at pageClasses.UserPageClass.getTextOfStatuse(UserPageClass.java:88)
at pageClasses.UserPageClass.getTextOfStatuse(UserPageClass.java:88)
at pageClasses.UserPageClass.getTextOfStatuse(UserPageClass.java:88)
at pageClasses.UserPageClass.getTextOfStatuse(UserPageClass.java:88)
at pageClasses.UserPageClass.getTextOfStatuse(UserPageClass.java:88)
at pageClasses.UserPageClass.getTextOfStatuse(UserPageClass.java:88)
at pageClasses.UserPageClass.getTextOfStatuse(UserPageClass.java:88)
at pageClasses.UserPageClass.getTextOfStatuse(UserPageClass.java:88)
at pageClasses.UserPageClass.getTextOfStatuse(UserPageClass.java:88)
at pageClasses.UserPageClass.getTextOfStatuse(UserPageClass.java:88)
at pageClasses.UserPageClass.getTextOfStatuse(UserPageClass.java:88)
at pageClasses.UserPageClass.getTextOfStatuse(UserPageClass.java:88)
at pageClasses.UserPageClass.getTextOfStatuse(UserPageClass.java:88)
at pageClasses.UserPageClass.getTextOfStatuse(UserPageClass.java:88)
at pageClasses.UserPageClass.getTextOfStatuse(UserPageClass.java:88)
at pageClasses.UserPageClass.getTextOfStatuse(UserPageClass.java:88)
at pageClasses.UserPageClass.getTextOfStatuse(UserPageClass.java:88)
at pageClasses.UserPageClass.getTextOfStatuse(UserPageClass.java:88)
at pageClasses.UserPageClass.getTextOfStatuse(UserPageClass.java:88)
at pageClasses.UserPageClass.getTextOfStatuse(UserPageClass.java:88)
at pageClasses.UserPageClass.getTextOfStatuse(UserPageClass.java:88)
at pageClasses.UserPageClass.getTextOfStatuse(UserPageClass.java:88)
at pageClasses.UserPageClass.getTextOfStatuse(UserPageClass.java:88)
at pageClasses.UserPageClass.getTextOfStatuse(UserPageClass.java:88)
at pageClasses.UserPageClass.getTextOfStatuse(UserPageClass.java:88)
at pageClasses.UserPageClass.getTextOfStatuse(UserPageClass.java:88)
at pageClasses.UserPageClass.getTextOfStatuse(UserPageClass.java:88)
at pageClasses.UserPageClass.getTextOfStatuse(UserPageClass.java:88)
at pageClasses.UserPageClass.getTextOfStatuse(UserPageClass.java:88)
at pageClasses.UserPageClass.getTextOfStatuse(UserPageClass.java:88)
at pageClasses.UserPageClass.getTextOfStatuse(UserPageClass.java:88)
at pageClasses.UserPageClass.getTextOfStatuse(UserPageClass.java:88)
at pageClasses.UserPageClass.getTextOfStatuse(UserPageClass.java:88)
at pageClasses.UserPageClass.getTextOfStatuse(UserPageClass.java:88)
at pageClasses.UserPageClass.getTextOfStatuse(UserPageClass.java:88)
at pageClasses.UserPageClass.getTextOfStatuse(UserPageClass.java:88)
at pageClasses.UserPageClass.getTextOfStatuse(UserPageClass.java:88)
at pageClasses.UserPageClass.getTextOfStatuse(UserPageClass.java:88)
at pageClasses.UserPageClass.getTextOfStatuse(UserPageClass.java:88)
at pageClasses.UserPageClass.getTextOfStatuse(UserPageClass.java:88)
at pageClasses.UserPageClass.getTextOfStatuse(UserPageClass.java:88)
at pageClasses.UserPageClass.getTextOfStatuse(UserPageClass.java:88)
at pageClasses.UserPageClass.getTextOfStatuse(UserPageClass.java:88)
at pageClasses.UserPageClass.getTextOfStatuse(UserPageClass.java:88)
at pageClasses.UserPageClass.getTextOfStatuse(UserPageClass.java:88)
at pageClasses.UserPageClass.getTextOfStatuse(UserPageClass.java:88)
at pageClasses.UserPageClass.getTextOfStatuse(UserPageClass.java:88)
at pageClasses.UserPageClass.getTextOfStatuse(UserPageClass.java:88)
at pageClasses.UserPageClass.getTextOfStatuse(UserPageClass.java:88)
at pageClasses.UserPageClass.getTextOfStatuse(UserPageClass.java:88)
at pageClasses.UserPageClass.getTextOfStatuse(UserPageClass.java:88)
at pageClasses.UserPageClass.getTextOfStatuse(UserPageClass.java:88)
at pageClasses.UserPageClass.getTextOfStatuse(UserPageClass.java:88)
at pageClasses.UserPageClass.getTextOfStatuse(UserPageClass.java:88)
at pageClasses.UserPageClass.getTextOfStatuse(UserPageClass.java:88)
at pageClasses.UserPageClass.getTextOfStatuse(UserPageClass.java:88)
at pageClasses.UserPageClass.getTextOfStatuse(UserPageClass.java:88)
at pageClasses.UserPageClass.getTextOfStatuse(UserPageClass.java:88)
at pageClasses.UserPageClass.getTextOfStatuse(UserPageClass.java:88)
at pageClasses.UserPageClass.getTextOfStatuse(UserPageClass.java:88)
at pageClasses.UserPageClass.getTextOfStatuse(UserPageClass.java:88)
at pageClasses.UserPageClass.getTextOfStatuse(UserPageClass.java:88)
at pageClasses.UserPageClass.getTextOfStatuse(UserPageClass.java:88)
at pageClasses.UserPageClass.getTextOfStatuse(UserPageClass.java:88)
at pageClasses.UserPageClass.getTextOfStatuse(UserPageClass.java:88)
at pageClasses.UserPageClass.getTextOfStatuse(UserPageClass.java:88)
at pageClasses.UserPageClass.getTextOfStatuse(UserPageClass.java:88)
at pageClasses.UserPageClass.getTextOfStatuse(UserPageClass.java:88)
at pageClasses.UserPageClass.getTextOfStatuse(UserPageClass.java:88)
at pageClasses.UserPageClass.getTextOfStatuse(UserPageClass.java:88)
at pageClasses.UserPageClass.getTextOfStatuse(UserPageClass.java:88)
at pageClasses.UserPageClass.getTextOfStatuse(UserPageClass.java:88)
at pageClasses.UserPageClass.getTextOfStatuse(UserPageClass.java:88)
at pageClasses.UserPageClass.getTextOfStatuse(UserPageClass.java:88)
at pageClasses.UserPageClass.getTextOfStatuse(UserPageClass.java:88)
at pageClasses.UserPageClass.getTextOfStatuse(UserPageClass.java:88)
at pageClasses.UserPageClass.getTextOfStatuse(UserPageClass.java:88)
at pageClasses.UserPageClass.getTextOfStatuse(UserPageClass.java:88)
at pageClasses.UserPageClass.getTextOfStatuse(UserPageClass.java:88)
at pageClasses.UserPageClass.getTextOfStatuse(UserPageClass.java:88)
at pageClasses.UserPageClass.getTextOfStatuse(UserPageClass.java:88)
at pageClasses.UserPageClass.getTextOfStatuse(UserPageClass.java:88)
at pageClasses.UserPageClass.getTextOfStatuse(UserPageClass.java:88)
at pageClasses.UserPageClass.getTextOfStatuse(UserPageClass.java:88)
at pageClasses.UserPageClass.getTextOfStatuse(UserPageClass.java:88)
at pageClasses.UserPageClass.getTextOfStatuse(UserPageClass.java:88)
at pageClasses.UserPageClass.getTextOfStatuse(UserPageClass.java:88)
at pageClasses.UserPageClass.getTextOfStatuse(UserPageClass.java:88)
at pageClasses.UserPageClass.getTextOfStatuse(UserPageClass.java:88)
at pageClasses.UserPageClass.getTextOfStatuse(UserPageClass.java:88)
at pageClasses.UserPageClass.getTextOfStatuse(UserPageClass.java:88)
at pageClasses.UserPageClass.getTextOfStatuse(UserPageClass.java:88)
at pageClasses.UserPageClass.getTextOfStatuse(UserPageClass.java:88)
at pageClasses.UserPageClass.getTextOfStatuse(UserPageClass.java:88)
at pageClasses.UserPageClass.getTextOfStatuse(UserPageClass.java:88)
at pageClasses.UserPageClass.getTextOfStatuse(UserPageClass.java:88)
at pageClasses.UserPageClass.getTextOfStatuse(UserPageClass.java:88)
at pageClasses.UserPageClass.getTextOfStatuse(UserPageClass.java:88)
at pageClasses.UserPageClass.getTextOfStatuse(UserPageClass.java:88)
at pageClasses.UserPageClass.getTextOfStatuse(UserPageClass.java:88)
at pageClasses.UserPageClass.getTextOfStatuse(UserPageClass.java:88)
at pageClasses.UserPageClass.getTextOfStatuse(UserPageClass.java:88)
at pageClasses.UserPageClass.getTextOfStatuse(UserPageClass.java:88)
at pageClasses.UserPageClass.getTextOfStatuse(UserPageClass.java:88)
at pageClasses.UserPageClass.getTextOfStatuse(UserPageClass.java:88)
at pageClasses.UserPageClass.getTextOfStatuse(UserPageClass.java:88)
at pageClasses.UserPageClass.getTextOfStatuse(UserPageClass.java:88)
at pageClasses.UserPageClass.getTextOfStatuse(UserPageClass.java:88)
at pageClasses.UserPageClass.getTextOfStatuse(UserPageClass.java:88)
at pageClasses.UserPageClass.getTextOfStatuse(UserPageClass.java:88)
at pageClasses.UserPageClass.getTextOfStatuse(UserPageClass.java:88)
at pageClasses.UserPageClass.getTextOfStatuse(UserPageClass.java:88)
at pageClasses.UserPageClass.getTextOfStatuse(UserPageClass.java:88)
at pageClasses.UserPageClass.getTextOfStatuse(UserPageClass.java:88)
at pageClasses.UserPageClass.getTextOfStatuse(UserPageClass.java:88)
at pageClasses.UserPageClass.getTextOfStatuse(UserPageClass.java:88)
at pageClasses.UserPageClass.getTextOfStatuse(UserPageClass.java:88)
at pageClasses.UserPageClass.getTextOfStatuse(UserPageClass.java:88)
at pageClasses.UserPageClass.getTextOfStatuse(UserPageClass.java:88)
at pageClasses.UserPageClass.getTextOfStatuse(UserPageClass.java:88)
at pageClasses.UserPageClass.getTextOfStatuse(UserPageClass.java:88)
at pageClasses.UserPageClass.getTextOfStatuse(UserPageClass.java:88)
at pageClasses.UserPageClass.getTextOfStatuse(UserPageClass.java:88)
at pageClasses.UserPageClass.getTextOfStatuse(UserPageClass.java:88)
at pageClasses.UserPageClass.getTextOfStatuse(UserPageClass.java:88)
at pageClasses.UserPageClass.getTextOfStatuse(UserPageClass.java:88)
at pageClasses.UserPageClass.getTextOfStatuse(UserPageClass.java:88)
at pageClasses.UserPageClass.getTextOfStatuse(UserPageClass.java:88)
at pageClasses.UserPageClass.getTextOfStatuse(UserPageClass.java:88)
at pageClasses.UserPageClass.getTextOfStatuse(UserPageClass.java:88)
at pageClasses.UserPageClass.getTextOfStatuse(UserPageClass.java:88)
at pageClasses.UserPageClass.getTextOfStatuse(UserPageClass.java:88)
at pageClasses.UserPageClass.getTextOfStatuse(UserPageClass.java:88)
at pageClasses.UserPageClass.getTextOfStatuse(UserPageClass.java:88)
at pageClasses.UserPageClass.getTextOfStatuse(UserPageClass.java:88)
at pageClasses.UserPageClass.getTextOfStatuse(UserPageClass.java:88)
at pageClasses.UserPageClass.getTextOfStatuse(UserPageClass.java:88)
at pageClasses.UserPageClass.getTextOfStatuse(UserPageClass.java:88)
at pageClasses.UserPageClass.getTextOfStatuse(UserPageClass.java:88)
at pageClasses.UserPageClass.getTextOfStatuse(UserPageClass.java:88)
at pageClasses.UserPageClass.getTextOfStatuse(UserPageClass.java:88)
at pageClasses.UserPageClass.getTextOfStatuse(UserPageClass.java:88)
at pageClasses.UserPageClass.getTextOfStatuse(UserPageClass.java:88)
at pageClasses.UserPageClass.getTextOfStatuse(UserPageClass.java:88)
at pageClasses.UserPageClass.getTextOfStatuse(UserPageClass.java:88)
at pageClasses.UserPageClass.getTextOfStatuse(UserPageClass.java:88)
at pageClasses.UserPageClass.getTextOfStatuse(UserPageClass.java:88)
at pageClasses.UserPageClass.getTextOfStatuse(UserPageClass.java:88)
at pageClasses.UserPageClass.getTextOfStatuse(UserPageClass.java:88)
at pageClasses.UserPageClass.getTextOfStatuse(UserPageClass.java:88)
at pageClasses.UserPageClass.getTextOfStatuse(UserPageClass.java:88)
at pageClasses.UserPageClass.getTextOfStatuse(UserPageClass.java:88)
at pageClasses.UserPageClass.getTextOfStatuse(UserPageClass.java:88)
at pageClasses.UserPageClass.getTextOfStatuse(UserPageClass.java:88)
at pageClasses.UserPageClass.getTextOfStatuse(UserPageClass.java:88)
at pageClasses.UserPageClass.getTextOfStatuse(UserPageClass.java:88)
at pageClasses.UserPageClass.getTextOfStatuse(UserPageClass.java:88)
at pageClasses.UserPageClass.getTextOfStatuse(UserPageClass.java:88)
at pageClasses.UserPageClass.getTextOfStatuse(UserPageClass.java:88)
at pageClasses.UserPageClass.getTextOfStatuse(UserPageClass.java:88)
at pageClasses.UserPageClass.getTextOfStatuse(UserPageClass.java:88)
at pageClasses.UserPageClass.getTextOfStatuse(UserPageClass.java:88)
at pageClasses.UserPageClass.getTextOfStatuse(UserPageClass.java:88)
at pageClasses.UserPageClass.getTextOfStatuse(UserPageClass.java:88)
at pageClasses.UserPageClass.getTextOfStatuse(UserPageClass.java:88)
at pageClasses.UserPageClass.getTextOfStatuse(UserPageClass.java:88)
at pageClasses.UserPageClass.getTextOfStatuse(UserPageClass.java:88)
at pageClasses.UserPageClass.getTextOfStatuse(UserPageClass.java:88)
at pageClasses.UserPageClass.getTextOfStatuse(UserPageClass.java:88)
at pageClasses.UserPageClass.getTextOfStatuse(UserPageClass.java:88)
at pageClasses.UserPageClass.getTextOfStatuse(UserPageClass.java:88)
at pageClasses.UserPageClass.getTextOfStatuse(UserPageClass.java:88)
at pageClasses.UserPageClass.getTextOfStatuse(UserPageClass.java:88)
at pageClasses.UserPageClass.getTextOfStatuse(UserPageClass.java:88)
at pageClasses.UserPageClass.getTextOfStatuse(UserPageClass.java:88)
at pageClasses.UserPageClass.getTextOfStatuse(UserPageClass.java:88)
at pageClasses.UserPageClass.getTextOfStatuse(UserPageClass.java:88)
at pageClasses.UserPageClass.getTextOfStatuse(UserPageClass.java:88)
at pageClasses.UserPageClass.getTextOfStatuse(UserPageClass.java:88)
at pageClasses.UserPageClass.getTextOfStatuse(UserPageClass.java:88)
at pageClasses.UserPageClass.getTextOfStatuse(UserPageClass.java:88)
at pageClasses.UserPageClass.getTextOfStatuse(UserPageClass.java:88)
at pageClasses.UserPageClass.getTextOfStatuse(UserPageClass.java:88)
at pageClasses.UserPageClass.getTextOfStatuse(UserPageClass.java:88)
at pageClasses.UserPageClass.getTextOfStatuse(UserPageClass.java:88)
at pageClasses.UserPageClass.getTextOfStatuse(UserPageClass.java:88)
at pageClasses.UserPageClass.getTextOfStatuse(UserPageClass.java:88)
at pageClasses.UserPageClass.getTextOfStatuse(UserPageClass.java:88)
at pageClasses.UserPageClass.getTextOfStatuse(UserPageClass.java:88)
at pageClasses.UserPageClass.getTextOfStatuse(UserPageClass.java:88)
at pageClasses.UserPageClass.getTextOfStatuse(UserPageClass.java:88)
at pageClasses.UserPageClass.getTextOfStatuse(UserPageClass.java:88)
at pageClasses.UserPageClass.getTextOfStatuse(UserPageClass.java:88)
at pageClasses.UserPageClass.getTextOfStatuse(UserPageClass.java:88)
at pageClasses.UserPageClass.getTextOfStatuse(UserPageClass.java:88)
at pageClasses.UserPageClass.getTextOfStatuse(UserPageClass.java:88)
at pageClasses.UserPageClass.getTextOfStatuse(UserPageClass.java:88)
at pageClasses.UserPageClass.getTextOfStatuse(UserPageClass.java:88)
at pageClasses.UserPageClass.getTextOfStatuse(UserPageClass.java:88)
at pageClasses.UserPageClass.getTextOfStatuse(UserPageClass.java:88)
at pageClasses.UserPageClass.getTextOfStatuse(UserPageClass.java:88)
at pageClasses.UserPageClass.getTextOfStatuse(UserPageClass.java:88)
at pageClasses.UserPageClass.getTextOfStatuse(UserPageClass.java:88)
at pageClasses.UserPageClass.getTextOfStatuse(UserPageClass.java:88)
at pageClasses.UserPageClass.getTextOfStatuse(UserPageClass.java:88)
at pageClasses.UserPageClass.getTextOfStatuse(UserPageClass.java:88)
at pageClasses.UserPageClass.getTextOfStatuse(UserPageClass.java:88)
at pageClasses.UserPageClass.getTextOfStatuse(UserPageClass.java:88)
at pageClasses.UserPageClass.getTextOfStatuse(UserPageClass.java:88)
at pageClasses.UserPageClass.getTextOfStatuse(UserPageClass.java:88)
at pageClasses.UserPageClass.getTextOfStatuse(UserPageClass.java:88)
at pageClasses.UserPageClass.getTextOfStatuse(UserPageClass.java:88)
at pageClasses.UserPageClass.getTextOfStatuse(UserPageClass.java:88)
at pageClasses.UserPageClass.getTextOfStatuse(UserPageClass.java:88)
at pageClasses.UserPageClass.getTextOfStatuse(UserPageClass.java:88)
at pageClasses.UserPageClass.getTextOfStatuse(UserPageClass.java:88)
at pageClasses.UserPageClass.getTextOfStatuse(UserPageClass.java:88)
at pageClasses.UserPageClass.getTextOfStatuse(UserPageClass.java:88)
at pageClasses.UserPageClass.getTextOfStatuse(UserPageClass.java:88)
at pageClasses.UserPageClass.getTextOfStatuse(UserPageClass.java:88)
at pageClasses.UserPageClass.getTextOfStatuse(UserPageClass.java:88)
at pageClasses.UserPageClass.getTextOfStatuse(UserPageClass.java:88)
at pageClasses.UserPageClass.getTextOfStatuse(UserPageClass.java:88)
at pageClasses.UserPageClass.getTextOfStatuse(UserPageClass.java:88)
at pageClasses.UserPageClass.getTextOfStatuse(UserPageClass.java:88)
at pageClasses.UserPageClass.getTextOfStatuse(UserPageClass.java:88)
at pageClasses.UserPageClass.getTextOfStatuse(UserPageClass.java:88)
at pageClasses.UserPageClass.getTextOfStatuse(UserPageClass.java:88)
at pageClasses.UserPageClass.getTextOfStatuse(UserPageClass.java:88)
at pageClasses.UserPageClass.getTextOfStatuse(UserPageClass.java:88)
at pageClasses.UserPageClass.getTextOfStatuse(UserPageClass.java:88)
at pageClasses.UserPageClass.getTextOfStatuse(UserPageClass.java:88)
at pageClasses.UserPageClass.getTextOfStatuse(UserPageClass.java:88)
at pageClasses.UserPageClass.getTextOfStatuse(UserPageClass.java:88)
at pageClasses.UserPageClass.getTextOfStatuse(UserPageClass.java:88)
at pageClasses.UserPageClass.getTextOfStatuse(UserPageClass.java:88)
at pageClasses.UserPageClass.getTextOfStatuse(UserPageClass.java:88)
at pageClasses.UserPageClass.getTextOfStatuse(UserPageClass.java:88)
at pageClasses.UserPageClass.getTextOfStatuse(UserPageClass.java:88)
at pageClasses.UserPageClass.getTextOfStatuse(UserPageClass.java:88)
at pageClasses.UserPageClass.getTextOfStatuse(UserPageClass.java:88)
at pageClasses.UserPageClass.getTextOfStatuse(UserPageClass.java:88)
at pageClasses.UserPageClass.getTextOfStatuse(UserPageClass.java:88)
at pageClasses.UserPageClass.getTextOfStatuse(UserPageClass.java:88)
at pageClasses.UserPageClass.getTextOfStatuse(UserPageClass.java:88)
at pageClasses.UserPageClass.getTextOfStatuse(UserPageClass.java:88)
at pageClasses.UserPageClass.getTextOfStatuse(UserPageClass.java:88)
at pageClasses.UserPageClass.getTextOfStatuse(UserPageClass.java:88)
at pageClasses.UserPageClass.getTextOfStatuse(UserPageClass.java:88)
at pageClasses.UserPageClass.getTextOfStatuse(UserPageClass.java:88)
at pageClasses.UserPageClass.getTextOfStatuse(UserPageClass.java:88)
at pageClasses.UserPageClass.getTextOfStatuse(UserPageClass.java:88)
at pageClasses.UserPageClass.getTextOfStatuse(UserPageClass.java:88)
at pageClasses.UserPageClass.getTextOfStatuse(UserPageClass.java:88)
at pageClasses.UserPageClass.getTextOfStatuse(UserPageClass.java:88)
at pageClasses.UserPageClass.getTextOfStatuse(UserPageClass.java:88)
at pageClasses.UserPageClass.getTextOfStatuse(UserPageClass.java:88)
at pageClasses.UserPageClass.getTextOfStatuse(UserPageClass.java:88)
at pageClasses.UserPageClass.getTextOfStatuse(UserPageClass.java:88)
at pageClasses.UserPageClass.getTextOfStatuse(UserPageClass.java:88)
at pageClasses.UserPageClass.getTextOfStatuse(UserPageClass.java:88)
at pageClasses.UserPageClass.getTextOfStatuse(UserPageClass.java:88)
at pageClasses.UserPageClass.getTextOfStatuse(UserPageClass.java:88)
at pageClasses.UserPageClass.getTextOfStatuse(UserPageClass.java:88)
at pageClasses.UserPageClass.getTextOfStatuse(UserPageClass.java:88)
at pageClasses.UserPageClass.getTextOfStatuse(UserPageClass.java:88)
at pageClasses.UserPageClass.getTextOfStatuse(UserPageClass.java:88)
at pageClasses.UserPageClass.getTextOfStatuse(UserPageClass.java:88)
at pageClasses.UserPageClass.getTextOfStatuse(UserPageClass.java:88)
at pageClasses.UserPageClass.getTextOfStatuse(UserPageClass.java:88)
at pageClasses.UserPageClass.getTextOfStatuse(UserPageClass.java:88)
at pageClasses.UserPageClass.getTextOfStatuse(UserPageClass.java:88)
at pageClasses.UserPageClass.getTextOfStatuse(UserPageClass.java:88)
at pageClasses.UserPageClass.getTextOfStatuse(UserPageClass.java:88)
at pageClasses.UserPageClass.getTextOfStatuse(UserPageClass.java:88)
at pageClasses.UserPageClass.getTextOfStatuse(UserPageClass.java:88)
at pageClasses.UserPageClass.getTextOfStatuse(UserPageClass.java:88)
at pageClasses.UserPageClass.getTextOfStatuse(UserPageClass.java:88)
at pageClasses.UserPageClass.getTextOfStatuse(UserPageClass.java:88)
at pageClasses.UserPageClass.getTextOfStatuse(UserPageClass.java:88)
at pageClasses.UserPageClass.getTextOfStatuse(UserPageClass.java:88)
at pageClasses.UserPageClass.getTextOfStatuse(UserPageClass.java:88)
at pageClasses.UserPageClass.getTextOfStatuse(UserPageClass.java:88)
at pageClasses.UserPageClass.getTextOfStatuse(UserPageClass.java:88)
at pageClasses.UserPageClass.getTextOfStatuse(UserPageClass.java:88)
at pageClasses.UserPageClass.getTextOfStatuse(UserPageClass.java:88)
at pageClasses.UserPageClass.getTextOfStatuse(UserPageClass.java:88)
at pageClasses.UserPageClass.getTextOfStatuse(UserPageClass.java:88)
at pageClasses.UserPageClass.getTextOfStatuse(UserPageClass.java:88)
at pageClasses.UserPageClass.getTextOfStatuse(UserPageClass.java:88)
at pageClasses.UserPageClass.getTextOfStatuse(UserPageClass.java:88)
at pageClasses.UserPageClass.getTextOfStatuse(UserPageClass.java:88)
at pageClasses.UserPageClass.getTextOfStatuse(UserPageClass.java:88)
at pageClasses.UserPageClass.getTextOfStatuse(UserPageClass.java:88)
at pageClasses.UserPageClass.getTextOfStatuse(UserPageClass.java:88)
at pageClasses.UserPageClass.getTextOfStatuse(UserPageClass.java:88)
at pageClasses.UserPageClass.getTextOfStatuse(UserPageClass.java:88)
at pageClasses.UserPageClass.getTextOfStatuse(UserPageClass.java:88)
at pageClasses.UserPageClass.getTextOfStatuse(UserPageClass.java:88)
at pageClasses.UserPageClass.getTextOfStatuse(UserPageClass.java:88)
at pageClasses.UserPageClass.getTextOfStatuse(UserPageClass.java:88)
at pageClasses.UserPageClass.getTextOfStatuse(UserPageClass.java:88)
at pageClasses.UserPageClass.getTextOfStatuse(UserPageClass.java:88)
at pageClasses.UserPageClass.getTextOfStatuse(UserPageClass.java:88)
at pageClasses.UserPageClass.getTextOfStatuse(UserPageClass.java:88)
at pageClasses.UserPageClass.getTextOfStatuse(UserPageClass.java:88)
at pageClasses.UserPageClass.getTextOfStatuse(UserPageClass.java:88)
at pageClasses.UserPageClass.getTextOfStatuse(UserPageClass.java:88)
at pageClasses.UserPageClass.getTextOfStatuse(UserPageClass.java:88)
at pageClasses.UserPageClass.getTextOfStatuse(UserPageClass.java:88)
at pageClasses.UserPageClass.getTextOfStatuse(UserPageClass.java:88)
at pageClasses.UserPageClass.getTextOfStatuse(UserPageClass.java:88)
at pageClasses.UserPageClass.getTextOfStatuse(UserPageClass.java:88)
at pageClasses.UserPageClass.getTextOfStatuse(UserPageClass.java:88)
at pageClasses.UserPageClass.getTextOfStatuse(UserPageClass.java:88)
at pageClasses.UserPageClass.getTextOfStatuse(UserPageClass.java:88)
at pageClasses.UserPageClass.getTextOfStatuse(UserPageClass.java:88)
at pageClasses.UserPageClass.getTextOfStatuse(UserPageClass.java:88)
at pageClasses.UserPageClass.getTextOfStatuse(UserPageClass.java:88)
at pageClasses.UserPageClass.getTextOfStatuse(UserPageClass.java:88)
at pageClasses.UserPageClass.getTextOfStatuse(UserPageClass.java:88)
at pageClasses.UserPageClass.getTextOfStatuse(UserPageClass.java:88)
at pageClasses.UserPageClass.getTextOfStatuse(UserPageClass.java:88)
at pageClasses.UserPageClass.getTextOfStatuse(UserPageClass.java:88)
at pageClasses.UserPageClass.getTextOfStatuse(UserPageClass.java:88)
at pageClasses.UserPageClass.getTextOfStatuse(UserPageClass.java:88)
at pageClasses.UserPageClass.getTextOfStatuse(UserPageClass.java:88)
at pageClasses.UserPageClass.getTextOfStatuse(UserPageClass.java:88)
at pageClasses.UserPageClass.getTextOfStatuse(UserPageClass.java:88)
at pageClasses.UserPageClass.getTextOfStatuse(UserPageClass.java:88)
at pageClasses.UserPageClass.getTextOfStatuse(UserPageClass.java:88)
at pageClasses.UserPageClass.getTextOfStatuse(UserPageClass.java:88)
at pageClasses.UserPageClass.getTextOfStatuse(UserPageClass.java:88)
at pageClasses.UserPageClass.getTextOfStatuse(UserPageClass.java:88)
at pageClasses.UserPageClass.getTextOfStatuse(UserPageClass.java:88)
at pageClasses.UserPageClass.getTextOfStatuse(UserPageClass.java:88)
at pageClasses.UserPageClass.getTextOfStatuse(UserPageClass.java:88)
at pageClasses.UserPageClass.getTextOfStatuse(UserPageClass.java:88)
at pageClasses.UserPageClass.getTextOfStatuse(UserPageClass.java:88)
at pageClasses.UserPageClass.getTextOfStatuse(UserPageClass.java:88)
at pageClasses.UserPageClass.getTextOfStatuse(UserPageClass.java:88)
at pageClasses.UserPageClass.getTextOfStatuse(UserPageClass.java:88)
at pageClasses.UserPageClass.getTextOfStatuse(UserPageClass.java:88)
at pageClasses.UserPageClass.getTextOfStatuse(UserPageClass.java:88)
at pageClasses.UserPageClass.getTextOfStatuse(UserPageClass.java:88)
at pageClasses.UserPageClass.getTextOfStatuse(UserPageClass.java:88)
at pageClasses.UserPageClass.getTextOfStatuse(UserPageClass.java:88)
at pageClasses.UserPageClass.getTextOfStatuse(UserPageClass.java:88)
at pageClasses.UserPageClass.getTextOfStatuse(UserPageClass.java:88)
at pageClasses.UserPageClass.getTextOfStatuse(UserPageClass.java:88)
at pageClasses.UserPageClass.getTextOfStatuse(UserPageClass.java:88)
at pageClasses.UserPageClass.getTextOfStatuse(UserPageClass.java:88)
at pageClasses.UserPageClass.getTextOfStatuse(UserPageClass.java:88)
at pageClasses.UserPageClass.getTextOfStatuse(UserPageClass.java:88)
at pageClasses.UserPageClass.getTextOfStatuse(UserPageClass.java:88)
at pageClasses.UserPageClass.getTextOfStatuse(UserPageClass.java:88)
at pageClasses.UserPageClass.getTextOfStatuse(UserPageClass.java:88)
at pageClasses.UserPageClass.getTextOfStatuse(UserPageClass.java:88)
at pageClasses.UserPageClass.getTextOfStatuse(UserPageClass.java:88)
at pageClasses.UserPageClass.getTextOfStatuse(UserPageClass.java:88)
at pageClasses.UserPageClass.getTextOfStatuse(UserPageClass.java:88)
at pageClasses.UserPageClass.getTextOfStatuse(UserPageClass.java:88)
at pageClasses.UserPageClass.getTextOfStatuse(UserPageClass.java:88)
at pageClasses.UserPageClass.getTextOfStatuse(UserPageClass.java:88)
at pageClasses.UserPageClass.getTextOfStatuse(UserPageClass.java:88)
at pageClasses.UserPageClass.getTextOfStatuse(UserPageClass.java:88)
at pageClasses.UserPageClass.getTextOfStatuse(UserPageClass.java:88)
at pageClasses.UserPageClass.getTextOfStatuse(UserPageClass.java:88)
at pageClasses.UserPageClass.getTextOfStatuse(UserPageClass.java:88)
at pageClasses.UserPageClass.getTextOfStatuse(UserPageClass.java:88)
at pageClasses.UserPageClass.getTextOfStatuse(UserPageClass.java:88)
at pageClasses.UserPageClass.getTextOfStatuse(UserPageClass.java:88)
at pageClasses.UserPageClass.getTextOfStatuse(UserPageClass.java:88)
at pageClasses.UserPageClass.getTextOfStatuse(UserPageClass.java:88)
at pageClasses.UserPageClass.getTextOfStatuse(UserPageClass.java:88)
at pageClasses.UserPageClass.getTextOfStatuse(UserPageClass.java:88)
at pageClasses.UserPageClass.getTextOfStatuse(UserPageClass.java:88)
at pageClasses.UserPageClass.getTextOfStatuse(UserPageClass.java:88)
at pageClasses.UserPageClass.getTextOfStatuse(UserPageClass.java:88)
at pageClasses.UserPageClass.getTextOfStatuse(UserPageClass.java:88)
at pageClasses.UserPageClass.getTextOfStatuse(UserPageClass.java:88)
at pageClasses.UserPageClass.getTextOfStatuse(UserPageClass.java:88)
at pageClasses.UserPageClass.getTextOfStatuse(UserPageClass.java:88)
at pageClasses.UserPageClass.getTextOfStatuse(UserPageClass.java:88)
at pageClasses.UserPageClass.getTextOfStatuse(UserPageClass.java:88)
at pageClasses.UserPageClass.getTextOfStatuse(UserPageClass.java:88)
at pageClasses.UserPageClass.getTextOfStatuse(UserPageClass.java:88)
at pageClasses.UserPageClass.getTextOfStatuse(UserPageClass.java:88)
at pageClasses.UserPageClass.getTextOfStatuse(UserPageClass.java:88)
at pageClasses.UserPageClass.getTextOfStatuse(UserPageClass.java:88)
at pageClasses.UserPageClass.getTextOfStatuse(UserPageClass.java:88)
at pageClasses.UserPageClass.getTextOfStatuse(UserPageClass.java:88)
at pageClasses.UserPageClass.getTextOfStatuse(UserPageClass.java:88)
at pageClasses.UserPageClass.getTextOfStatuse(UserPageClass.java:88)
at pageClasses.UserPageClass.getTextOfStatuse(UserPageClass.java:88)
at pageClasses.UserPageClass.getTextOfStatuse(UserPageClass.java:88)
at pageClasses.UserPageClass.getTextOfStatuse(UserPageClass.java:88)
at pageClasses.UserPageClass.getTextOfStatuse(UserPageClass.java:88)
at pageClasses.UserPageClass.getTextOfStatuse(UserPageClass.java:88)
at pageClasses.UserPageClass.getTextOfStatuse(UserPageClass.java:88)
at pageClasses.UserPageClass.getTextOfStatuse(UserPageClass.java:88)
at pageClasses.UserPageClass.getTextOfStatuse(UserPageClass.java:88)
at pageClasses.UserPageClass.getTextOfStatuse(UserPageClass.java:88)
at pageClasses.UserPageClass.getTextOfStatuse(UserPageClass.java:88)
at pageClasses.UserPageClass.getTextOfStatuse(UserPageClass.java:88)
at pageClasses.UserPageClass.getTextOfStatuse(UserPageClass.java:88)
at pageClasses.UserPageClass.getTextOfStatuse(UserPageClass.java:88)
at pageClasses.UserPageClass.getTextOfStatuse(UserPageClass.java:88)
at pageClasses.UserPageClass.getTextOfStatuse(UserPageClass.java:88)
at pageClasses.UserPageClass.getTextOfStatuse(UserPageClass.java:88)
at pageClasses.UserPageClass.getTextOfStatuse(UserPageClass.java:88)
at pageClasses.UserPageClass.getTextOfStatuse(UserPageClass.java:88)
at pageClasses.UserPageClass.getTextOfStatuse(UserPageClass.java:88)
at pageClasses.UserPageClass.getTextOfStatuse(UserPageClass.java:88)
at pageClasses.UserPageClass.getTextOfStatuse(UserPageClass.java:88)
at pageClasses.UserPageClass.getTextOfStatuse(UserPageClass.java:88)
at pageClasses.UserPageClass.getTextOfStatuse(UserPageClass.java:88)
at pageClasses.UserPageClass.getTextOfStatuse(UserPageClass.java:88)
at pageClasses.UserPageClass.getTextOfStatuse(UserPageClass.java:88)
at pageClasses.UserPageClass.getTextOfStatuse(UserPageClass.java:88)
at pageClasses.UserPageClass.getTextOfStatuse(UserPageClass.java:88)
at pageClasses.UserPageClass.getTextOfStatuse(UserPageClass.java:88)
at pageClasses.UserPageClass.getTextOfStatuse(UserPageClass.java:88)
at pageClasses.UserPageClass.getTextOfStatuse(UserPageClass.java:88)
at pageClasses.UserPageClass.getTextOfStatuse(UserPageClass.java:88)
at pageClasses.UserPageClass.getTextOfStatuse(UserPageClass.java:88)
at pageClasses.UserPageClass.getTextOfStatuse(UserPageClass.java:88)
at pageClasses.UserPageClass.getTextOfStatuse(UserPageClass.java:88)
at pageClasses.UserPageClass.getTextOfStatuse(UserPageClass.java:88)
at pageClasses.UserPageClass.getTextOfStatuse(UserPageClass.java:88)
at pageClasses.UserPageClass.getTextOfStatuse(UserPageClass.java:88)
at pageClasses.UserPageClass.getTextOfStatuse(UserPageClass.java:88)
at pageClasses.UserPageClass.getTextOfStatuse(UserPageClass.java:88)
at pageClasses.UserPageClass.getTextOfStatuse(UserPageClass.java:88)
at pageClasses.UserPageClass.getTextOfStatuse(UserPageClass.java:88)
at pageClasses.UserPageClass.getTextOfStatuse(UserPageClass.java:88)
at pageClasses.UserPageClass.getTextOfStatuse(UserPageClass.java:88)
at pageClasses.UserPageClass.getTextOfStatuse(UserPageClass.java:88)
at pageClasses.UserPageClass.getTextOfStatuse(UserPageClass.java:88)
at pageClasses.UserPageClass.getTextOfStatuse(UserPageClass.java:88)
at pageClasses.UserPageClass.getTextOfStatuse(UserPageClass.java:88)
at pageClasses.UserPageClass.getTextOfStatuse(UserPageClass.java:88)
at pageClasses.UserPageClass.getTextOfStatuse(UserPageClass.java:88)
at pageClasses.UserPageClass.getTextOfStatuse(UserPageClass.java:88)
at pageClasses.UserPageClass.getTextOfStatuse(UserPageClass.java:88)
at pageClasses.UserPageClass.getTextOfStatuse(UserPageClass.java:88)
at pageClasses.UserPageClass.getTextOfStatuse(UserPageClass.java:88)
at pageClasses.UserPageClass.getTextOfStatuse(UserPageClass.java:88)
at pageClasses.UserPageClass.getTextOfStatuse(UserPageClass.java:88)
at pageClasses.UserPageClass.getTextOfStatuse(UserPageClass.java:88)
at pageClasses.UserPageClass.getTextOfStatuse(UserPageClass.java:88)
at pageClasses.UserPageClass.getTextOfStatuse(UserPageClass.java:88)
at pageClasses.UserPageClass.getTextOfStatuse(UserPageClass.java:88)
at pageClasses.UserPageClass.getTextOfStatuse(UserPageClass.java:88)
at pageClasses.UserPageClass.getTextOfStatuse(UserPageClass.java:88)
at pageClasses.UserPageClass.getTextOfStatuse(UserPageClass.java:88)
at pageClasses.UserPageClass.getTextOfStatuse(UserPageClass.java:88)
at pageClasses.UserPageClass.getTextOfStatuse(UserPageClass.java:88)
at pageClasses.UserPageClass.getTextOfStatuse(UserPageClass.java:88)
at pageClasses.UserPageClass.getTextOfStatuse(UserPageClass.java:88)
at pageClasses.UserPageClass.getTextOfStatuse(UserPageClass.java:88)
at pageClasses.UserPageClass.getTextOfStatuse(UserPageClass.java:88)
at pageClasses.UserPageClass.getTextOfStatuse(UserPageClass.java:88)
at pageClasses.UserPageClass.getTextOfStatuse(UserPageClass.java:88)
at pageClasses.UserPageClass.getTextOfStatuse(UserPageClass.java:88)
at pageClasses.UserPageClass.getTextOfStatuse(UserPageClass.java:88)
at pageClasses.UserPageClass.getTextOfStatuse(UserPageClass.java:88)
at pageClasses.UserPageClass.getTextOfStatuse(UserPageClass.java:88)
at pageClasses.UserPageClass.getTextOfStatuse(UserPageClass.java:88)
at pageClasses.UserPageClass.getTextOfStatuse(UserPageClass.java:88)
at pageClasses.UserPageClass.getTextOfStatuse(UserPageClass.java:88)
at pageClasses.UserPageClass.getTextOfStatuse(UserPageClass.java:88)
at pageClasses.UserPageClass.getTextOfStatuse(UserPageClass.java:88)
at pageClasses.UserPageClass.getTextOfStatuse(UserPageClass.java:88)
at pageClasses.UserPageClass.getTextOfStatuse(UserPageClass.java:88)
at pageClasses.UserPageClass.getTextOfStatuse(UserPageClass.java:88)
at pageClasses.UserPageClass.getTextOfStatuse(UserPageClass.java:88)
at pageClasses.UserPageClass.getTextOfStatuse(UserPageClass.java:88)
at pageClasses.UserPageClass.getTextOfStatuse(UserPageClass.java:88)
at pageClasses.UserPageClass.getTextOfStatuse(UserPageClass.java:88)
at pageClasses.UserPageClass.getTextOfStatuse(UserPageClass.java:88)
at pageClasses.UserPageClass.getTextOfStatuse(UserPageClass.java:88)
at pageClasses.UserPageClass.getTextOfStatuse(UserPageClass.java:88)
at pageClasses.UserPageClass.getTextOfStatuse(UserPageClass.java:88)
at pageClasses.UserPageClass.getTextOfStatuse(UserPageClass.java:88)
at pageClasses.UserPageClass.getTextOfStatuse(UserPageClass.java:88)
at pageClasses.UserPageClass.getTextOfStatuse(UserPageClass.java:88)
at pageClasses.UserPageClass.getTextOfStatuse(UserPageClass.java:88)
at pageClasses.UserPageClass.getTextOfStatuse(UserPageClass.java:88)
at pageClasses.UserPageClass.getTextOfStatuse(UserPageClass.java:88)
at pageClasses.UserPageClass.getTextOfStatuse(UserPageClass.java:88)
at pageClasses.UserPageClass.getTextOfStatuse(UserPageClass.java:88)
at pageClasses.UserPageClass.getTextOfStatuse(UserPageClass.java:88)
at pageClasses.UserPageClass.getTextOfStatuse(UserPageClass.java:88)
at pageClasses.UserPageClass.getTextOfStatuse(UserPageClass.java:88)
at pageClasses.UserPageClass.getTextOfStatuse(UserPageClass.java:88)
at pageClasses.UserPageClass.getTextOfStatuse(UserPageClass.java:88)
at pageClasses.UserPageClass.getTextOfStatuse(UserPageClass.java:88)
at pageClasses.UserPageClass.getTextOfStatuse(UserPageClass.java:88)
at pageClasses.UserPageClass.getTextOfStatuse(UserPageClass.java:88)
at pageClasses.UserPageClass.getTextOfStatuse(UserPageClass.java:88)
at pageClasses.UserPageClass.getTextOfStatuse(UserPageClass.java:88)
at pageClasses.UserPageClass.getTextOfStatuse(UserPageClass.java:88)
at pageClasses.UserPageClass.getTextOfStatuse(UserPageClass.java:88)
at pageClasses.UserPageClass.getTextOfStatuse(UserPageClass.java:88)
at pageClasses.UserPageClass.getTextOfStatuse(UserPageClass.java:88)
at pageClasses.UserPageClass.getTextOfStatuse(UserPageClass.java:88)
at pageClasses.UserPageClass.getTextOfStatuse(UserPageClass.java:88)
at pageClasses.UserPageClass.getTextOfStatuse(UserPageClass.java:88)
at pageClasses.UserPageClass.getTextOfStatuse(UserPageClass.java:88)
at pageClasses.UserPageClass.getTextOfStatuse(UserPageClass.java:88)
at pageClasses.UserPageClass.getTextOfStatuse(UserPageClass.java:88)
at pageClasses.UserPageClass.getTextOfStatuse(UserPageClass.java:88)
at pageClasses.UserPageClass.getTextOfStatuse(UserPageClass.java:88)
at pageClasses.UserPageClass.getTextOfStatuse(UserPageClass.java:88)
at pageClasses.UserPageClass.getTextOfStatuse(UserPageClass.java:88)
at pageClasses.UserPageClass.getTextOfStatuse(UserPageClass.java:88)
at pageClasses.UserPageClass.getTextOfStatuse(UserPageClass.java:88)
at pageClasses.UserPageClass.getTextOfStatuse(UserPageClass.java:88)
at pageClasses.UserPageClass.getTextOfStatuse(UserPageClass.java:88)
at pageClasses.UserPageClass.getTextOfStatuse(UserPageClass.java:88)
at pageClasses.UserPageClass.getTextOfStatuse(UserPageClass.java:88)
at pageClasses.UserPageClass.getTextOfStatuse(UserPageClass.java:88)
at pageClasses.UserPageClass.getTextOfStatuse(UserPageClass.java:88)
at pageClasses.UserPageClass.getTextOfStatuse(UserPageClass.java:88)
at pageClasses.UserPageClass.getTextOfStatuse(UserPageClass.java:88)
at pageClasses.UserPageClass.getTextOfStatuse(UserPageClass.java:88)
at pageClasses.UserPageClass.getTextOfStatuse(UserPageClass.java:88)
at pageClasses.UserPageClass.getTextOfStatuse(UserPageClass.java:88)
at pageClasses.UserPageClass.getTextOfStatuse(UserPageClass.java:88)
at pageClasses.UserPageClass.getTextOfStatuse(UserPageClass.java:88)
at pageClasses.UserPageClass.getTextOfStatuse(UserPageClass.java:88)
at pageClasses.UserPageClass.getTextOfStatuse(UserPageClass.java:88)
at pageClasses.UserPageClass.getTextOfStatuse(UserPageClass.java:88)
at pageClasses.UserPageClass.getTextOfStatuse(UserPageClass.java:88)
at pageClasses.UserPageClass.getTextOfStatuse(UserPageClass.java:88)
at pageClasses.UserPageClass.getTextOfStatuse(UserPageClass.java:88)
at pageClasses.UserPageClass.getTextOfStatuse(UserPageClass.java:88)
at pageClasses.UserPageClass.getTextOfStatuse(UserPageClass.java:88)
at pageClasses.UserPageClass.getTextOfStatuse(UserPageClass.java:88)
at pageClasses.UserPageClass.getTextOfStatuse(UserPageClass.java:88)
at pageClasses.UserPageClass.getTextOfStatuse(UserPageClass.java:88)
at pageClasses.UserPageClass.getTextOfStatuse(UserPageClass.java:88)
at pageClasses.UserPageClass.getTextOfStatuse(UserPageClass.java:88)
at pageClasses.UserPageClass.getTextOfStatuse(UserPageClass.java:88)
at pageClasses.UserPageClass.getTextOfStatuse(UserPageClass.java:88)
at pageClasses.UserPageClass.getTextOfStatuse(UserPageClass.java:88)
at pageClasses.UserPageClass.getTextOfStatuse(UserPageClass.java:88)
at pageClasses.UserPageClass.getTextOfStatuse(UserPageClass.java:88)
at pageClasses.UserPageClass.getTextOfStatuse(UserPageClass.java:88)
at pageClasses.UserPageClass.getTextOfStatuse(UserPageClass.java:88)
at pageClasses.UserPageClass.getTextOfStatuse(UserPageClass.java:88)
at pageClasses.UserPageClass.getTextOfStatuse(UserPageClass.java:88)
at pageClasses.UserPageClass.getTextOfStatuse(UserPageClass.java:88)
at pageClasses.UserPageClass.getTextOfStatuse(UserPageClass.java:88)
at pageClasses.UserPageClass.getTextOfStatuse(UserPageClass.java:88)
at pageClasses.UserPageClass.getTextOfStatuse(UserPageClass.java:88)
at pageClasses.UserPageClass.getTextOfStatuse(UserPageClass.java:88)
at pageClasses.UserPageClass.getTextOfStatuse(UserPageClass.java:88)
at pageClasses.UserPageClass.getTextOfStatuse(UserPageClass.java:88)
at pageClasses.UserPageClass.getTextOfStatuse(UserPageClass.java:88)
at pageClasses.UserPageClass.getTextOfStatuse(UserPageClass.java:88)
at pageClasses.UserPageClass.getTextOfStatuse(UserPageClass.java:88)
at pageClasses.UserPageClass.getTextOfStatuse(UserPageClass.java:88)
at pageClasses.UserPageClass.getTextOfStatuse(UserPageClass.java:88)
at pageClasses.UserPageClass.getTextOfStatuse(UserPageClass.java:88)
at pageClasses.UserPageClass.getTextOfStatuse(UserPageClass.java:88)
at pageClasses.UserPageClass.getTextOfStatuse(UserPageClass.java:88)
at pageClasses.UserPageClass.getTextOfStatuse(UserPageClass.java:88)
at pageClasses.UserPageClass.getTextOfStatuse(UserPageClass.java:88)
at pageClasses.UserPageClass.getTextOfStatuse(UserPageClass.java:88)
at pageClasses.UserPageClass.getTextOfStatuse(UserPageClass.java:88)
at pageClasses.UserPageClass.getTextOfStatuse(UserPageClass.java:88)
at pageClasses.UserPageClass.getTextOfStatuse(UserPageClass.java:88)
at pageClasses.UserPageClass.getTextOfStatuse(UserPageClass.java:88)
at pageClasses.UserPageClass.getTextOfStatuse(UserPageClass.java:88)
at pageClasses.UserPageClass.getTextOfStatuse(UserPageClass.java:88)
at pageClasses.UserPageClass.getTextOfStatuse(UserPageClass.java:88)
at pageClasses.UserPageClass.getTextOfStatuse(UserPageClass.java:88)
at pageClasses.UserPageClass.getTextOfStatuse(UserPageClass.java:88)
at pageClasses.UserPageClass.getTextOfStatuse(UserPageClass.java:88)
at pageClasses.UserPageClass.getTextOfStatuse(UserPageClass.java:88)
at pageClasses.UserPageClass.getTextOfStatuse(UserPageClass.java:88)
at pageClasses.UserPageClass.getTextOfStatuse(UserPageClass.java:88)
at pageClasses.UserPageClass.getTextOfStatuse(UserPageClass.java:88)
at pageClasses.UserPageClass.getTextOfStatuse(UserPageClass.java:88)
at pageClasses.UserPageClass.getTextOfStatuse(UserPageClass.java:88)
at pageClasses.UserPageClass.getTextOfStatuse(UserPageClass.java:88)
at pageClasses.UserPageClass.getTextOfStatuse(UserPageClass.java:88)
at pageClasses.UserPageClass.getTextOfStatuse(UserPageClass.java:88)
at pageClasses.UserPageClass.getTextOfStatuse(UserPageClass.java:88)
at pageClasses.UserPageClass.getTextOfStatuse(UserPageClass.java:88)
at pageClasses.UserPageClass.getTextOfStatuse(UserPageClass.java:88)
at pageClasses.UserPageClass.getTextOfStatuse(UserPageClass.java:88)
at pageClasses.UserPageClass.getTextOfStatuse(UserPageClass.java:88)
at pageClasses.UserPageClass.getTextOfStatuse(UserPageClass.java:88)
at pageClasses.UserPageClass.getTextOfStatuse(UserPageClass.java:88)
at pageClasses.UserPageClass.getTextOfStatuse(UserPageClass.java:88)
at pageClasses.UserPageClass.getTextOfStatuse(UserPageClass.java:88)
at pageClasses.UserPageClass.getTextOfStatuse(UserPageClass.java:88)
at pageClasses.UserPageClass.getTextOfStatuse(UserPageClass.java:88)
at pageClasses.UserPageClass.getTextOfStatuse(UserPageClass.java:88)
at pageClasses.UserPageClass.getTextOfStatuse(UserPageClass.java:88)
at pageClasses.UserPageClass.getTextOfStatuse(UserPageClass.java:88)
at pageClasses.UserPageClass.getTextOfStatuse(UserPageClass.java:88)
at pageClasses.UserPageClass.getTextOfStatuse(UserPageClass.java:88)
at pageClasses.UserPageClass.getTextOfStatuse(UserPageClass.java:88)
at pageClasses.UserPageClass.getTextOfStatuse(UserPageClass.java:88)
at pageClasses.UserPageClass.getTextOfStatuse(UserPageClass.java:88)
at pageClasses.UserPageClass.getTextOfStatuse(UserPageClass.java:88)
at pageClasses.UserPageClass.getTextOfStatuse(UserPageClass.java:88)
at pageClasses.UserPageClass.getTextOfStatuse(UserPageClass.java:88)
at pageClasses.UserPageClass.getTextOfStatuse(UserPageClass.java:88)
at pageClasses.UserPageClass.getTextOfStatuse(UserPageClass.java:88)
at pageClasses.UserPageClass.getTextOfStatuse(UserPageClass.java:88)
at pageClasses.UserPageClass.getTextOfStatuse(UserPageClass.java:88)
at pageClasses.UserPageClass.getTextOfStatuse(UserPageClass.java:88)
at pageClasses.UserPageClass.getTextOfStatuse(UserPageClass.java:88)
at pageClasses.UserPageClass.getTextOfStatuse(UserPageClass.java:88)
at pageClasses.UserPageClass.getTextOfStatuse(UserPageClass.java:88)
at pageClasses.UserPageClass.getTextOfStatuse(UserPageClass.java:88)
at pageClasses.UserPageClass.getTextOfStatuse(UserPageClass.java:88)
at pageClasses.UserPageClass.getTextOfStatuse(UserPageClass.java:88)
at pageClasses.UserPageClass.getTextOfStatuse(UserPageClass.java:88)
at pageClasses.UserPageClass.getTextOfStatuse(UserPageClass.java:88)
at pageClasses.UserPageClass.getTextOfStatuse(UserPageClass.java:88)
at pageClasses.UserPageClass.getTextOfStatuse(UserPageClass.java:88)
at pageClasses.UserPageClass.getTextOfStatuse(UserPageClass.java:88)
at pageClasses.UserPageClass.getTextOfStatuse(UserPageClass.java:88)
at pageClasses.UserPageClass.getTextOfStatuse(UserPageClass.java:88)
at pageClasses.UserPageClass.getTextOfStatuse(UserPageClass.java:88)
at pageClasses.UserPageClass.getTextOfStatuse(UserPageClass.java:88)
at pageClasses.UserPageClass.getTextOfStatuse(UserPageClass.java:88)
at pageClasses.UserPageClass.getTextOfStatuse(UserPageClass.java:88)
at pageClasses.UserPageClass.getTextOfStatuse(UserPageClass.java:88)
at pageClasses.UserPageClass.getTextOfStatuse(UserPageClass.java:88)
at pageClasses.UserPageClass.getTextOfStatuse(UserPageClass.java:88)
at pageClasses.UserPageClass.getTextOfStatuse(UserPageClass.java:88)
at pageClasses.UserPageClass.getTextOfStatuse(UserPageClass.java:88)
at pageClasses.UserPageClass.getTextOfStatuse(UserPageClass.java:88)
at pageClasses.UserPageClass.getTextOfStatuse(UserPageClass.java:88)
at pageClasses.UserPageClass.getTextOfStatuse(UserPageClass.java:88)
at pageClasses.UserPageClass.getTextOfStatuse(UserPageClass.java:88)
at pageClasses.UserPageClass.getTextOfStatuse(UserPageClass.java:88)
at pageClasses.UserPageClass.getTextOfStatuse(UserPageClass.java:88)
at pageClasses.UserPageClass.getTextOfStatuse(UserPageClass.java:88)
at pageClasses.UserPageClass.getTextOfStatuse(UserPageClass.java:88)
at pageClasses.UserPageClass.getTextOfStatuse(UserPageClass.java:88)
at pageClasses.UserPageClass.getTextOfStatuse(UserPageClass.java:88)
at pageClasses.UserPageClass.getTextOfStatuse(UserPageClass.java:88)
at pageClasses.UserPageClass.getTextOfStatuse(UserPageClass.java:88)
at pageClasses.UserPageClass.getTextOfStatuse(UserPageClass.java:88)
at pageClasses.UserPageClass.getTextOfStatuse(UserPageClass.java:88)
at pageClasses.UserPageClass.getTextOfStatuse(UserPageClass.java:88)
at pageClasses.UserPageClass.getTextOfStatuse(UserPageClass.java:88)
at pageClasses.UserPageClass.getTextOfStatuse(UserPageClass.java:88)
at pageClasses.UserPageClass.getTextOfStatuse(UserPageClass.java:88)
at pageClasses.UserPageClass.getTextOfStatuse(UserPageClass.java:88)
at pageClasses.UserPageClass.getTextOfStatuse(UserPageClass.java:88)
at pageClasses.UserPageClass.getTextOfStatuse(UserPageClass.java:88)
at pageClasses.UserPageClass.getTextOfStatuse(UserPageClass.java:88)
at pageClasses.UserPageClass.getTextOfStatuse(UserPageClass.java:88)
at pageClasses.UserPageClass.getTextOfStatuse(UserPageClass.java:88)
at pageClasses.UserPageClass.getTextOfStatuse(UserPageClass.java:88)
at pageClasses.UserPageClass.getTextOfStatuse(UserPageClass.java:88)
at pageClasses.UserPageClass.getTextOfStatuse(UserPageClass.java:88)
at pageClasses.UserPageClass.getTextOfStatuse(UserPageClass.java:88)
at pageClasses.UserPageClass.getTextOfStatuse(UserPageClass.java:88)
at pageClasses.UserPageClass.getTextOfStatuse(UserPageClass.java:88)
at pageClasses.UserPageClass.getTextOfStatuse(UserPageClass.java:88)
at pageClasses.UserPageClass.getTextOfStatuse(UserPageClass.java:88)
at pageClasses.UserPageClass.getTextOfStatuse(UserPageClass.java:88)
at pageClasses.UserPageClass.getTextOfStatuse(UserPageClass.java:88)
at pageClasses.UserPageClass.getTextOfStatuse(UserPageClass.java:88)
at pageClasses.UserPageClass.getTextOfStatuse(UserPageClass.java:88)
at pageClasses.UserPageClass.getTextOfStatuse(UserPageClass.java:88)
at pageClasses.UserPageClass.getTextOfStatuse(UserPageClass.java:88)
at pageClasses.UserPageClass.getTextOfStatuse(UserPageClass.java:88)
at pageClasses.UserPageClass.getTextOfStatuse(UserPageClass.java:88)
at pageClasses.UserPageClass.getTextOfStatuse(UserPageClass.java:88)
at pageClasses.UserPageClass.getTextOfStatuse(UserPageClass.java:88)
at pageClasses.UserPageClass.getTextOfStatuse(UserPageClass.java:88)
at pageClasses.UserPageClass.getTextOfStatuse(UserPageClass.java:88)
at pageClasses.UserPageClass.getTextOfStatuse(UserPageClass.java:88)
at pageClasses.UserPageClass.getTextOfStatuse(UserPageClass.java:88)
at pageClasses.UserPageClass.getTextOfStatuse(UserPageClass.java:88)
at pageClasses.UserPageClass.getTextOfStatuse(UserPageClass.java:88)
at pageClasses.UserPageClass.getTextOfStatuse(UserPageClass.java:88)
at pageClasses.UserPageClass.getTextOfStatuse(UserPageClass.java:88)
at pageClasses.UserPageClass.getTextOfStatuse(UserPageClass.java:88)
at pageClasses.UserPageClass.getTextOfStatuse(UserPageClass.java:88)
at pageClasses.UserPageClass.getTextOfStatuse(UserPageClass.java:88)
at pageClasses.UserPageClass.getTextOfStatuse(UserPageClass.java:88)
at pageClasses.UserPageClass.getTextOfStatuse(UserPageClass.java:88)
at pageClasses.UserPageClass.getTextOfStatuse(UserPageClass.java:88)
at pageClasses.UserPageClass.getTextOfStatuse(UserPageClass.java:88)
at pageClasses.UserPageClass.getTextOfStatuse(UserPageClass.java:88)
at pageClasses.UserPageClass.getTextOfStatuse(UserPageClass.java:88)
at pageClasses.UserPageClass.getTextOfStatuse(UserPageClass.java:88)
at pageClasses.UserPageClass.getTextOfStatuse(UserPageClass.java:88)
at pageClasses.UserPageClass.getTextOfStatuse(UserPageClass.java:88)
at pageClasses.UserPageClass.getTextOfStatuse(UserPageClass.java:88)
at pageClasses.UserPageClass.getTextOfStatuse(UserPageClass.java:88)
at pageClasses.UserPageClass.getTextOfStatuse(UserPageClass.java:88)
at pageClasses.UserPageClass.getTextOfStatuse(UserPageClass.java:88)
at pageClasses.UserPageClass.getTextOfStatuse(UserPageClass.java:88)
at pageClasses.UserPageClass.getTextOfStatuse(UserPageClass.java:88)
at pageClasses.UserPageClass.getTextOfStatuse(UserPageClass.java:88)
at pageClasses.UserPageClass.getTextOfStatuse(UserPageClass.java:88)
at pageClasses.UserPageClass.getTextOfStatuse(UserPageClass.java:88)
at pageClasses.UserPageClass.getTextOfStatuse(UserPageClass.java:88)
at pageClasses.UserPageClass.getTextOfStatuse(UserPageClass.java:88)
at pageClasses.UserPageClass.getTextOfStatuse(UserPageClass.java:88)
at pageClasses.UserPageClass.getTextOfStatuse(UserPageClass.java:88)
at pageClasses.UserPageClass.getTextOfStatuse(UserPageClass.java:88)
at pageClasses.UserPageClass.getTextOfStatuse(UserPageClass.java:88)
at pageClasses.UserPageClass.getTextOfStatuse(UserPageClass.java:88)
at pageClasses.UserPageClass.getTextOfStatuse(UserPageClass.java:88)
at pageClasses.UserPageClass.getTextOfStatuse(UserPageClass.java:88)
at pageClasses.UserPageClass.getTextOfStatuse(UserPageClass.java:88)
at pageClasses.UserPageClass.getTextOfStatuse(UserPageClass.java:88)
at pageClasses.UserPageClass.getTextOfStatuse(UserPageClass.java:88)
at pageClasses.UserPageClass.getTextOfStatuse(UserPageClass.java:88)
at pageClasses.UserPageClass.getTextOfStatuse(UserPageClass.java:88)
at pageClasses.UserPageClass.getTextOfStatuse(UserPageClass.java:88)
at pageClasses.UserPageClass.getTextOfStatuse(UserPageClass.java:88)
at pageClasses.UserPageClass.getTextOfStatuse(UserPageClass.java:88)
at pageClasses.UserPageClass.getTextOfStatuse(UserPageClass.java:88)
at pageClasses.UserPageClass.getTextOfStatuse(UserPageClass.java:88)
at pageClasses.UserPageClass.getTextOfStatuse(UserPageClass.java:88)
at pageClasses.UserPageClass.getTextOfStatuse(UserPageClass.java:88)
at pageClasses.UserPageClass.getTextOfStatuse(UserPageClass.java:88)
at pageClasses.UserPageClass.getTextOfStatuse(UserPageClass.java:88)
at pageClasses.UserPageClass.getTextOfStatuse(UserPageClass.java:88)
at pageClasses.UserPageClass.getTextOfStatuse(UserPageClass.java:88)
at pageClasses.UserPageClass.getTextOfStatuse(UserPageClass.java:88)
at pageClasses.UserPageClass.getTextOfStatuse(UserPageClass.java:88)
at pageClasses.UserPageClass.getTextOfStatuse(UserPageClass.java:88)
at pageClasses.UserPageClass.getTextOfStatuse(UserPageClass.java:88)
at pageClasses.UserPageClass.getTextOfStatuse(UserPageClass.java:88)
at pageClasses.UserPageClass.getTextOfStatuse(UserPageClass.java:88)
at pageClasses.UserPageClass.getTextOfStatuse(UserPageClass.java:88)
at pageClasses.UserPageClass.getTextOfStatuse(UserPageClass.java:88)
at pageClasses.UserPageClass.getTextOfStatuse(UserPageClass.java:88)
at pageClasses.UserPageClass.getTextOfStatuse(UserPageClass.java:88)
at pageClasses.UserPageClass.getTextOfStatuse(UserPageClass.java:88)
at pageClasses.UserPageClass.getTextOfStatuse(UserPageClass.java:88)
at pageClasses.UserPageClass.getTextOfStatuse(UserPageClass.java:88)
at pageClasses.UserPageClass.getTextOfStatuse(UserPageClass.java:88)
at pageClasses.UserPageClass.getTextOfStatuse(UserPageClass.java:88)
at pageClasses.UserPageClass.getTextOfStatuse(UserPageClass.java:88)
at pageClasses.UserPageClass.getTextOfStatuse(UserPageClass.java:88)
at pageClasses.UserPageClass.getTextOfStatuse(UserPageClass.java:88)
at pageClasses.UserPageClass.getTextOfStatuse(UserPageClass.java:88)
at pageClasses.UserPageClass.getTextOfStatuse(UserPageClass.java:88)
at pageClasses.UserPageClass.getTextOfStatuse(UserPageClass.java:88)
at pageClasses.UserPageClass.getTextOfStatuse(UserPageClass.java:88)
at pageClasses.UserPageClass.getTextOfStatuse(UserPageClass.java:88)
at pageClasses.UserPageClass.getTextOfStatuse(UserPageClass.java:88)
at pageClasses.UserPageClass.getTextOfStatuse(UserPageClass.java:88)
at pageClasses.UserPageClass.getTextOfStatuse(UserPageClass.java:88)
at pageClasses.UserPageClass.getTextOfStatuse(UserPageClass.java:88)
at pageClasses.UserPageClass.getTextOfStatuse(UserPageClass.java:88)
at pageClasses.UserPageClass.getTextOfStatuse(UserPageClass.java:88)
at pageClasses.UserPageClass.getTextOfStatuse(UserPageClass.java:88)
at pageClasses.UserPageClass.getTextOfStatuse(UserPageClass.java:88)
at pageClasses.UserPageClass.getTextOfStatuse(UserPageClass.java:88)
at pageClasses.UserPageClass.getTextOfStatuse(UserPageClass.java:88)
at pageClasses.UserPageClass.getTextOfStatuse(UserPageClass.java:88)
at pageClasses.UserPageClass.getTextOfStatuse(UserPageClass.java:88)
at pageClasses.UserPageClass.getTextOfStatuse(UserPageClass.java:88)
at pageClasses.UserPageClass.getTextOfStatuse(UserPageClass.java:88)
at pageClasses.UserPageClass.getTextOfStatuse(UserPageClass.java:88)
at pageClasses.UserPageClass.getTextOfStatuse(UserPageClass.java:88)
at pageClasses.UserPageClass.getTextOfStatuse(UserPageClass.java:88)
at pageClasses.UserPageClass.getTextOfStatuse(UserPageClass.java:88)
at pageClasses.UserPageClass.getTextOfStatuse(UserPageClass.java:88)
at pageClasses.UserPageClass.getTextOfStatuse(UserPageClass.java:88)
at pageClasses.UserPageClass.getTextOfStatuse(UserPageClass.java:88)
at pageClasses.UserPageClass.getTextOfStatuse(UserPageClass.java:88)
at pageClasses.UserPageClass.getTextOfStatuse(UserPageClass.java:88)
at pageClasses.UserPageClass.getTextOfStatuse(UserPageClass.java:88)
at pageClasses.UserPageClass.getTextOfStatuse(UserPageClass.java:88)
at pageClasses.UserPageClass.getTextOfStatuse(UserPageClass.java:88)
at pageClasses.UserPageClass.getTextOfStatuse(UserPageClass.java:88)
at pageClasses.UserPageClass.getTextOfStatuse(UserPageClass.java:88)
at pageClasses.UserPageClass.getTextOfStatuse(UserPageClass.java:88)
at pageClasses.UserPageClass.getTextOfStatuse(UserPageClass.java:88)
at pageClasses.UserPageClass.getTextOfStatuse(UserPageClass.java:88)
at pageClasses.UserPageClass.getTextOfStatuse(UserPageClass.java:88)
at pageClasses.UserPageClass.getTextOfStatuse(UserPageClass.java:88)
at pageClasses.UserPageClass.getTextOfStatuse(UserPageClass.java:88)
at pageClasses.UserPageClass.getTextOfStatuse(UserPageClass.java:88)
at pageClasses.UserPageClass.getTextOfStatuse(UserPageClass.java:88)
at pageClasses.UserPageClass.getTextOfStatuse(UserPageClass.java:88)
at pageClasses.UserPageClass.getTextOfStatuse(UserPageClass.java:88)
at pageClasses.UserPageClass.getTextOfStatuse(UserPageClass.java:88)
at pageClasses.UserPageClass.getTextOfStatuse(UserPageClass.java:88)
at pageClasses.UserPageClass.getTextOfStatuse(UserPageClass.java:88)
at pageClasses.UserPageClass.getTextOfStatuse(UserPageClass.java:88)
at pageClasses.UserPageClass.getTextOfStatuse(UserPageClass.java:88)
at pageClasses.UserPageClass.getTextOfStatuse(UserPageClass.java:88)
at pageClasses.UserPageClass.getTextOfStatuse(UserPageClass.java:88)
at pageClasses.UserPageClass.getTextOfStatuse(UserPageClass.java:88)
at pageClasses.UserPageClass.getTextOfStatuse(UserPageClass.java:88)
at pageClasses.UserPageClass.getTextOfStatuse(UserPageClass.java:88)
at pageClasses.UserPageClass.getTextOfStatuse(UserPageClass.java:88)
at pageClasses.UserPageClass.getTextOfStatuse(UserPageClass.java:88)
at pageClasses.UserPageClass.getTextOfStatuse(UserPageClass.java:88)
at pageClasses.UserPageClass.getTextOfStatuse(UserPageClass.java:88)
at pageClasses.UserPageClass.getTextOfStatuse(UserPageClass.java:88)
at pageClasses.UserPageClass.getTextOfStatuse(UserPageClass.java:88)
at pageClasses.UserPageClass.getTextOfStatuse(UserPageClass.java:88)
at pageClasses.UserPageClass.getTextOfStatuse(UserPageClass.java:88)
at pageClasses.UserPageClass.getTextOfStatuse(UserPageClass.java:88)
at pageClasses.UserPageClass.getTextOfStatuse(UserPageClass.java:88)
at pageClasses.UserPageClass.getTextOfStatuse(UserPageClass.java:88)
at pageClasses.UserPageClass.getTextOfStatuse(UserPageClass.java:88)
at pageClasses.UserPageClass.getTextOfStatuse(UserPageClass.java:88)
at pageClasses.UserPageClass.getTextOfStatuse(UserPageClass.java:88)
at pageClasses.UserPageClass.getTextOfStatuse(UserPageClass.java:88)
at pageClasses.UserPageClass.getTextOfStatuse(UserPageClass.java:88)
at pageClasses.UserPageClass.getTextOfStatuse(UserPageClass.java:88)
at pageClasses.UserPageClass.getTextOfStatuse(UserPageClass.java:88)
at pageClasses.UserPageClass.getTextOfStatuse(UserPageClass.java:88)
at pageClasses.UserPageClass.getTextOfStatuse(UserPageClass.java:88)
at pageClasses.UserPageClass.getTextOfStatuse(UserPageClass.java:88)
at pageClasses.UserPageClass.getTextOfStatuse(UserPageClass.java:88)
at pageClasses.UserPageClass.getTextOfStatuse(UserPageClass.java:88)
at pageClasses.UserPageClass.getTextOfStatuse(UserPageClass.java:88)
at pageClasses.UserPageClass.getTextOfStatuse(UserPageClass.java:88)
at pageClasses.UserPageClass.getTextOfStatuse(UserPageClass.java:88)
at pageClasses.UserPageClass.getTextOfStatuse(UserPageClass.java:88)
at pageClasses.UserPageClass.getTextOfStatuse(UserPageClass.java:88)
at pageClasses.UserPageClass.getTextOfStatuse(UserPageClass.java:88)
at pageClasses.UserPageClass.getTextOfStatuse(UserPageClass.java:88)
at pageClasses.UserPageClass.getTextOfStatuse(UserPageClass.java:88)
at pageClasses.UserPageClass.getTextOfStatuse(UserPageClass.java:88)
at pageClasses.UserPageClass.getTextOfStatuse(UserPageClass.java:88)
at pageClasses.UserPageClass.getTextOfStatuse(UserPageClass.java:88)
at pageClasses.UserPageClass.getTextOfStatuse(UserPageClass.java:88)
at pageClasses.UserPageClass.getTextOfStatuse(UserPageClass.java:88)
at pageClasses.UserPageClass.getTextOfStatuse(UserPageClass.java:88)
at pageClasses.UserPageClass.getTextOfStatuse(UserPageClass.java:88)
at pageClasses.UserPageClass.getTextOfStatuse(UserPageClass.java:88)
at pageClasses.UserPageClass.getTextOfStatuse(UserPageClass.java:88)
at pageClasses.UserPageClass.getTextOfStatuse(UserPageClass.java:88)
at pageClasses.UserPageClass.getTextOfStatuse(UserPageClass.java:88)
at pageClasses.UserPageClass.getTextOfStatuse(UserPageClass.java:88)
at pageClasses.UserPageClass.getTextOfStatuse(UserPageClass.java:88)
at pageClasses.UserPageClass.getTextOfStatuse(UserPageClass.java:88)
at pageClasses.UserPageClass.getTextOfStatuse(UserPageClass.java:88)
at pageClasses.UserPageClass.getTextOfStatuse(UserPageClass.java:88)
at pageClasses.UserPageClass.getTextOfStatuse(UserPageClass.java:88)
at pageClasses.UserPageClass.getTextOfStatuse(UserPageClass.java:88)
at pageClasses.UserPageClass.getTextOfStatuse(UserPageClass.java:88)
at pageClasses.UserPageClass.getTextOfStatuse(UserPageClass.java:88)
at pageClasses.UserPageClass.getTextOfStatuse(UserPageClass.java:88)
at pageClasses.UserPageClass.getTextOfStatuse(UserPageClass.java:88)
at pageClasses.UserPageClass.getTextOfStatuse(UserPageClass.java:88)
at pageClasses.UserPageClass.getTextOfStatuse(UserPageClass.java:88)
at pageClasses.UserPageClass.getTextOfStatuse(UserPageClass.java:88)
at pageClasses.UserPageClass.getTextOfStatuse(UserPageClass.java:88)
at pageClasses.UserPageClass.getTextOfStatuse(UserPageClass.java:88)
at pageClasses.UserPageClass.getTextOfStatuse(UserPageClass.java:88)
at pageClasses.UserPageClass.getTextOfStatuse(UserPageClass.java:88)
at pageClasses.UserPageClass.getTextOfStatuse(UserPageClass.java:88)
at pageClasses.UserPageClass.getTextOfStatuse(UserPageClass.java:88)
at pageClasses.UserPageClass.getTextOfStatuse(UserPageClass.java:88)
at pageClasses.UserPageClass.getTextOfStatuse(UserPageClass.java:88)
at pageClasses.UserPageClass.getTextOfStatuse(UserPageClass.java:88)
at pageClasses.UserPageClass.getTextOfStatuse(UserPageClass.java:88)
at pageClasses.UserPageClass.getTextOfStatuse(UserPageClass.java:88)
at pageClasses.UserPageClass.getTextOfStatuse(UserPageClass.java:88)
at pageClasses.UserPageClass.getTextOfStatuse(UserPageClass.java:88)
at pageClasses.UserPageClass.getTextOfStatuse(UserPageClass.java:88)
at pageClasses.UserPageClass.getTextOfStatuse(UserPageClass.java:88)
at pageClasses.UserPageClass.getTextOfStatuse(UserPageClass.java:88)
at pageClasses.UserPageClass.getTextOfStatuse(UserPageClass.java:88)
at pageClasses.UserPageClass.getTextOfStatuse(UserPageClass.java:88)
at pageClasses.UserPageClass.getTextOfStatuse(UserPageClass.java:88)
at pageClasses.UserPageClass.getTextOfStatuse(UserPageClass.java:88)
at pageClasses.UserPageClass.getTextOfStatuse(UserPageClass.java:88)
at pageClasses.UserPageClass.getTextOfStatuse(UserPageClass.java:88)
at pageClasses.UserPageClass.getTextOfStatuse(UserPageClass.java:88)
at pageClasses.UserPageClass.getTextOfStatuse(UserPageClass.java:88)
at pageClasses.UserPageClass.getTextOfStatuse(UserPageClass.java:88)
at pageClasses.UserPageClass.getTextOfStatuse(UserPageClass.java:88)
at pageClasses.UserPageClass.getTextOfStatuse(UserPageClass.java:88)
at pageClasses.UserPageClass.getTextOfStatuse(UserPageClass.java:88)
at pageClasses.UserPageClass.getTextOfStatuse(UserPageClass.java:88)
at pageClasses.UserPageClass.getTextOfStatuse(UserPageClass.java:88)
at pageClasses.UserPageClass.getTextOfStatuse(UserPageClass.java:88)
at pageClasses.UserPageClass.getTextOfStatuse(UserPageClass.java:88)
at pageClasses.UserPageClass.getTextOfStatuse(UserPageClass.java:88)
at pageClasses.UserPageClass.getTextOfStatuse(UserPageClass.java:88)
at pageClasses.UserPageClass.getTextOfStatuse(UserPageClass.java:88)
at pageClasses.UserPageClass.getTextOfStatuse(UserPageClass.java:88)
at pageClasses.UserPageClass.getTextOfStatuse(UserPageClass.java:88)
at pageClasses.UserPageClass.getTextOfStatuse(UserPageClass.java:88)
at pageClasses.UserPageClass.getTextOfStatuse(UserPageClass.java:88)
at pageClasses.UserPageClass.getTextOfStatuse(UserPageClass.java:88)
at pageClasses.UserPageClass.getTextOfStatuse(UserPageClass.java:88)
at pageClasses.UserPageClass.getTextOfStatuse(UserPageClass.java:88)
at pageClasses.UserPageClass.getTextOfStatuse(UserPageClass.java:88)
at pageClasses.UserPageClass.getTextOfStatuse(UserPageClass.java:88)
at pageClasses.UserPageClass.getTextOfStatuse(UserPageClass.java:88)
at pageClasses.UserPageClass.getTextOfStatuse(UserPageClass.java:88)
at pageClasses.UserPageClass.getTextOfStatuse(UserPageClass.java:88)
at pageClasses.UserPageClass.getTextOfStatuse(UserPageClass.java:88)
at pageClasses.UserPageClass.getTextOfStatuse(UserPageClass.java:88)
at pageClasses.UserPageClass.getTextOfStatuse(UserPageClass.java:88)
at pageClasses.UserPageClass.getTextOfStatuse(UserPageClass.java:88)
at pageClasses.UserPageClass.getTextOfStatuse(UserPageClass.java:88)
at pageClasses.UserPageClass.getTextOfStatuse(UserPageClass.java:88)
at pageClasses.UserPageClass.getTextOfStatuse(UserPageClass.java:88)
at pageClasses.UserPageClass.getTextOfStatuse(UserPageClass.java:88)
at pageClasses.UserPageClass.getTextOfStatuse(UserPageClass.java:88)
at pageClasses.UserPageClass.getTextOfStatuse(UserPageClass.java:88)
at pageClasses.UserPageClass.getTextOfStatuse(UserPageClass.java:88)
at pageClasses.UserPageClass.getTextOfStatuse(UserPageClass.java:88)
at pageClasses.UserPageClass.getTextOfStatuse(UserPageClass.java:88)
at pageClasses.UserPageClass.getTextOfStatuse(UserPageClass.java:88)
at pageClasses.UserPageClass.getTextOfStatuse(UserPageClass.java:88)
at pageClasses.UserPageClass.getTextOfStatuse(UserPageClass.java:88)
at pageClasses.UserPageClass.getTextOfStatuse(UserPageClass.java:88)
at pageClasses.UserPageClass.getTextOfStatuse(UserPageClass.java:88)
at pageClasses.UserPageClass.getTextOfStatuse(UserPageClass.java:88)
at pageClasses.UserPageClass.getTextOfStatuse(UserPageClass.java:88)
at pageClasses.UserPageClass.getTextOfStatuse(UserPageClass.java:88)
at pageClasses.UserPageClass.getTextOfStatuse(UserPageClass.java:88)
at pageClasses.UserPageClass.getTextOfStatuse(UserPageClass.java:88)
at pageClasses.UserPageClass.getTextOfStatuse(UserPageClass.java:88)
at pageClasses.UserPageClass.getTextOfStatuse(UserPageClass.java:88)
at pageClasses.UserPageClass.getTextOfStatuse(UserPageClass.java:88)
at pageClasses.UserPageClass.getTextOfStatuse(UserPageClass.java:88)
at pageClasses.UserPageClass.getTextOfStatuse(UserPageClass.java:88)
at pageClasses.UserPageClass.getTextOfStatuse(UserPageClass.java:88)
at pageClasses.UserPageClass.getTextOfStatuse(UserPageClass.java:88)
at pageClasses.UserPageClass.getTextOfStatuse(UserPageClass.java:88)
at pageClasses.UserPageClass.getTextOfStatuse(UserPageClass.java:88)
at pageClasses.UserPageClass.getTextOfStatuse(UserPageClass.java:88)
at pageClasses.UserPageClass.getTextOfStatuse(UserPageClass.java:88)
at pageClasses.UserPageClass.getTextOfStatuse(UserPageClass.java:88)
at pageClasses.UserPageClass.getTextOfStatuse(UserPageClass.java:88)
at pageClasses.UserPageClass.getTextOfStatuse(UserPageClass.java:88)
at pageClasses.UserPageClass.getTextOfStatuse(UserPageClass.java:88)
at pageClasses.UserPageClass.getTextOfStatuse(UserPageClass.java:88)
at pageClasses.UserPageClass.getTextOfStatuse(UserPageClass.java:88)
at pageClasses.UserPageClass.getTextOfStatuse(UserPageClass.java:88)
at pageClasses.UserPageClass.getTextOfStatuse(UserPageClass.java:88)
at pageClasses.UserPageClass.getTextOfStatuse(UserPageClass.java:88)
at pageClasses.UserPageClass.getTextOfStatuse(UserPageClass.java:88)
at pageClasses.UserPageClass.getTextOfStatuse(UserPageClass.java:88)
at pageClasses.UserPageClass.getTextOfStatuse(UserPageClass.java:88)
at pageClasses.UserPageClass.getTextOfStatuse(UserPageClass.java:88)
at pageClasses.UserPageClass.getTextOfStatuse(UserPageClass.java:88)
at pageClasses.UserPageClass.getTextOfStatuse(UserPageClass.java:88)
at pageClasses.UserPageClass.getTextOfStatuse(UserPageClass.java:88)
at pageClasses.UserPageClass.getTextOfStatuse(UserPageClass.java:88)
at pageClasses.UserPageClass.getTextOfStatuse(UserPageClass.java:88)
at pageClasses.UserPageClass.getTextOfStatuse(UserPageClass.java:88)
at pageClasses.UserPageClass.getTextOfStatuse(UserPageClass.java:88)
at pageClasses.UserPageClass.getTextOfStatuse(UserPageClass.java:88)
at pageClasses.UserPageClass.getTextOfStatuse(UserPageClass.java:88)
at pageClasses.UserPageClass.getTextOfStatuse(UserPageClass.java:88)
at pageClasses.UserPageClass.getTextOfStatuse(UserPageClass.java:88)
at pageClasses.UserPageClass.getTextOfStatuse(UserPageClass.java:88)
at pageClasses.UserPageClass.getTextOfStatuse(UserPageClass.java:88)
at pageClasses.UserPageClass.getTextOfStatuse(UserPageClass.java:88)
at pageClasses.UserPageClass.getTextOfStatuse(UserPageClass.java:88)
at pageClasses.UserPageClass.getTextOfStatuse(UserPageClass.java:88)
at pageClasses.UserPageClass.getTextOfStatuse(UserPageClass.java:88)
at pageClasses.UserPageClass.getTextOfStatuse(UserPageClass.java:88)
at pageClasses.UserPageClass.getTextOfStatuse(UserPageClass.java:88)
at pageClasses.UserPageClass.getTextOfStatuse(UserPageClass.java:88)
at pageClasses.UserPageClass.getTextOfStatuse(UserPageClass.java:88)
at pageClasses.UserPageClass.getTextOfStatuse(UserPageClass.java:88)
at pageClasses.UserPageClass.getTextOfStatuse(UserPageClass.java:88)
at pageClasses.UserPageClass.getTextOfStatuse(UserPageClass.java:88)
at pageClasses.UserPageClass.getTextOfStatuse(UserPageClass.java:88)
at pageClasses.UserPageClass.getTextOfStatuse(UserPageClass.java:88)
at pageClasses.UserPageClass.getTextOfStatuse(UserPageClass.java:88)
at pageClasses.UserPageClass.getTextOfStatuse(UserPageClass.java:88)
at pageClasses.UserPageClass.getTextOfStatuse(UserPageClass.java:88)
at pageClasses.UserPageClass.getTextOfStatuse(UserPageClass.java:88)
at pageClasses.UserPageClass.getTextOfStatuse(UserPageClass.java:88)
at pageClasses.UserPageClass.getTextOfStatuse(UserPageClass.java:88)
at pageClasses.UserPageClass.getTextOfStatuse(UserPageClass.java:88)
at pageClasses.UserPageClass.getTextOfStatuse(UserPageClass.java:88)
at pageClasses.UserPageClass.getTextOfStatuse(UserPageClass.java:88)
at pageClasses.UserPageClass.getTextOfStatuse(UserPageClass.java:88)
at pageClasses.UserPageClass.getTextOfStatuse(UserPageClass.java:88)
at pageClasses.UserPageClass.getTextOfStatuse(UserPageClass.java:88)
at pageClasses.UserPageClass.getTextOfStatuse(UserPageClass.java:88)
at pageClasses.UserPageClass.getTextOfStatuse(UserPageClass.java:88)
at pageClasses.UserPageClass.getTextOfStatuse(UserPageClass.java:88)
at pageClasses.UserPageClass.getTextOfStatuse(UserPageClass.java:88)
at pageClasses.UserPageClass.getTextOfStatuse(UserPageClass.java:88)
at pageClasses.UserPageClass.getTextOfStatuse(UserPageClass.java:88)
]]>
    </failure>
  </testcase> <!-- verifyUserIsAbleToSelectShowEntryDropdowninUserPage -->
  <testcase classname="testClasses.userTestClass" name="verifyUserIsAbleToPrintUserPage" time="0.0">
    <ignored/>
  </testcase> <!-- verifyUserIsAbleToPrintUserPage -->
  <testcase classname="testClasses.userTestClass" name="verifyUserisAbleToAddSearchandDeleteUser" time="0.0">
    <ignored/>
  </testcase> <!-- verifyUserisAbleToAddSearchandDeleteUser -->
  <testcase classname="testClasses.userTestClass" name="verifyUsercanNavigateToManageUserPageByClickingOnUsers" time="0.0">
    <ignored/>
  </testcase> <!-- verifyUsercanNavigateToManageUserPageByClickingOnUsers -->
</testsuite> <!-- Default test -->
