<?xml version="1.0" encoding="UTF-8"?>
<!-- Generated by org.testng.reporters.JUnitXMLReporter -->
<testsuite ignored="0" hostname="Ansalnas-MacBook-Air.local" failures="0" tests="3" name="Test2" time="16.249" errors="0" timestamp="2025-08-04T11:49:13 EDT">
  <testcase classname="testClasses.AddUserTestClass" name="verifyUserIsAbletoAddNewUserDetailsAndSearchForuser" time="0.264">
    <skipped/>
  </testcase> <!-- verifyUserIsAbletoAddNewUserDetailsAndSearchForuser -->
  <testcase classname="testClasses.AddUserTestClass" name="verifyUserIsAbletoAddNewUserDetailsAndSearchForuser" time="0.073">
    <skipped/>
  </testcase> <!-- verifyUserIsAbletoAddNewUserDetailsAndSearchForuser -->
  <testcase classname="testClasses.AddUserTestClass" name="verifyUserIsAbletoAddNewUserDetailsAndSearchForuser" time="0.023">
    <skipped/>
  </testcase> <!-- verifyUserIsAbletoAddNewUserDetailsAndSearchForuser -->
</testsuite> <!-- Test2 -->
