<?xml version="1.0" encoding="UTF-8"?>
<testng-results ignored="3" total="4" passed="0" failed="1" skipped="0">
  <reporter-output>
  </reporter-output>
  <suite started-at="2025-07-30T22:48:16 EDT" name="Default suite" finished-at="2025-07-30T22:50:44 EDT" duration-ms="147545">
    <groups>
    </groups>
    <test started-at="2025-07-30T22:48:16 EDT" name="Default test" finished-at="2025-07-30T22:50:44 EDT" duration-ms="147545">
      <class name="testClasses.userTestClass">
        <test-method is-config="true" signature="beforeMethod()[pri:0, instance:testClasses.userTestClass@799f10e1]" started-at="2025-07-30T22:48:16 EDT" name="beforeMethod" finished-at="2025-07-30T22:48:20 EDT" duration-ms="3958" status="PASS">
          <reporter-output>
          </reporter-output>
        </test-method> <!-- beforeMethod -->
        <test-method signature="verifyUserIsAbleToSelectShowEntryDropdowninUserPage()[pri:0, instance:testClasses.userTestClass@799f10e1]" started-at="2025-07-30T22:48:20 EDT" name="verifyUserIsAbleToSelectShowEntryDropdowninUserPage" finished-at="2025-07-30T22:50:44 EDT" duration-ms="143569" status="FAIL">
          <exception class="java.lang.StackOverflowError">
            <full-stacktrace>
              <![CDATA[java.lang.StackOverflowError
at java.base/java.lang.Exception.<init>(Exception.java:103)
at java.base/java.lang.ReflectiveOperationException.<init>(ReflectiveOperationException.java:90)
at java.base/java.lang.reflect.InvocationTargetException.<init>(InvocationTargetException.java:68)
at java.base/jdk.internal.reflect.DirectMethodHandleAccessor.invoke(DirectMethodHandleAccessor.java:118)
at java.base/java.lang.reflect.Method.invoke(Method.java:580)
at org.openqa.selenium.support.pagefactory.internal.LocatingElementHandler.invoke(LocatingElementHandler.java:51)
at jdk.proxy2/jdk.proxy2.$Proxy12.isDisplayed(Unknown Source)
at org.openqa.selenium.support.ui.ExpectedConditions.elementIfVisible(ExpectedConditions.java:304)
at org.openqa.selenium.support.ui.ExpectedConditions$10.apply(ExpectedConditions.java:290)
at org.openqa.selenium.support.ui.ExpectedConditions$10.apply(ExpectedConditions.java:287)
at org.openqa.selenium.support.ui.FluentWait.until(FluentWait.java:203)
at utilities.WaitUtilities.waitForElementTobeVisible(WaitUtilities.java:47)
at pageClasses.UserPageClass.getTextOfStatuse(UserPageClass.java:87)
at pageClasses.UserPageClass.getTextOfStatuse(UserPageClass.java:88)
at pageClasses.UserPageClass.getTextOfStatuse(UserPageClass.java:88)
at pageClasses.UserPageClass.getTextOfStatuse(UserPageClass.java:88)
at pageClasses.UserPageClass.getTextOfStatuse(UserPageClass.java:88)
at pageClasses.UserPageClass.getTextOfStatuse(UserPageClass.java:88)
at pageClasses.UserPageClass.getTextOfStatuse(UserPageClass.java:88)
at pageClasses.UserPageClass.getTextOfStatuse(UserPageClass.java:88)
at pageClasses.UserPageClass.getTextOfStatuse(UserPageClass.java:88)
at pageClasses.UserPageClass.getTextOfStatuse(UserPageClass.java:88)
at pageClasses.UserPageClass.getTextOfStatuse(UserPageClass.java:88)
at pageClasses.UserPageClass.getTextOfStatuse(UserPageClass.java:88)
at pageClasses.UserPageClass.getTextOfStatuse(UserPageClass.java:88)
at pageClasses.UserPageClass.getTextOfStatuse(UserPageClass.java:88)
at pageClasses.UserPageClass.getTextOfStatuse(UserPageClass.java:88)
at pageClasses.UserPageClass.getTextOfStatuse(UserPageClass.java:88)
at pageClasses.UserPageClass.getTextOfStatuse(UserPageClass.java:88)
at pageClasses.UserPageClass.getTextOfStatuse(UserPageClass.java:88)
at pageClasses.UserPageClass.getTextOfStatuse(UserPageClass.java:88)
at pageClasses.UserPageClass.getTextOfStatuse(UserPageClass.java:88)
at pageClasses.UserPageClass.getTextOfStatuse(UserPageClass.java:88)
at pageClasses.UserPageClass.getTextOfStatuse(UserPageClass.java:88)
at pageClasses.UserPageClass.getTextOfStatuse(UserPageClass.java:88)
at pageClasses.UserPageClass.getTextOfStatuse(UserPageClass.java:88)
at pageClasses.UserPageClass.getTextOfStatuse(UserPageClass.java:88)
at pageClasses.UserPageClass.getTextOfStatuse(UserPageClass.java:88)
at pageClasses.UserPageClass.getTextOfStatuse(UserPageClass.java:88)
at pageClasses.UserPageClass.getTextOfStatuse(UserPageClass.java:88)
at pageClasses.UserPageClass.getTextOfStatuse(UserPageClass.java:88)
at pageClasses.UserPageClass.getTextOfStatuse(UserPageClass.java:88)
at pageClasses.UserPageClass.getTextOfStatuse(UserPageClass.java:88)
at pageClasses.UserPageClass.getTextOfStatuse(UserPageClass.java:88)
at pageClasses.UserPageClass.getTextOfStatuse(UserPageClass.java:88)
at pageClasses.UserPageClass.getTextOfStatuse(UserPageClass.java:88)
at pageClasses.UserPageClass.getTextOfStatuse(UserPageClass.java:88)
at pageClasses.UserPageClass.getTextOfStatuse(UserPageClass.java:88)
at pageClasses.UserPageClass.getTextOfStatuse(UserPageClass.java:88)
at pageClasses.UserPageClass.getTextOfStatuse(UserPageClass.java:88)
at pageClasses.UserPageClass.getTextOfStatuse(UserPageClass.java:88)
at pageClasses.UserPageClass.getTextOfStatuse(UserPageClass.java:88)
at pageClasses.UserPageClass.getTextOfStatuse(UserPageClass.java:88)
at pageClasses.UserPageClass.getTextOfStatuse(UserPageClass.java:88)
at pageClasses.UserPageClass.getTextOfStatuse(UserPageClass.java:88)
at pageClasses.UserPageClass.getTextOfStatuse(UserPageClass.java:88)
at pageClasses.UserPageClass.getTextOfStatuse(UserPageClass.java:88)
at pageClasses.UserPageClass.getTextOfStatuse(UserPageClass.java:88)
at pageClasses.UserPageClass.getTextOfStatuse(UserPageClass.java:88)
at pageClasses.UserPageClass.getTextOfStatuse(UserPageClass.java:88)
at pageClasses.UserPageClass.getTextOfStatuse(UserPageClass.java:88)
at pageClasses.UserPageClass.getTextOfStatuse(UserPageClass.java:88)
at pageClasses.UserPageClass.getTextOfStatuse(UserPageClass.java:88)
at pageClasses.UserPageClass.getTextOfStatuse(UserPageClass.java:88)
at pageClasses.UserPageClass.getTextOfStatuse(UserPageClass.java:88)
at pageClasses.UserPageClass.getTextOfStatuse(UserPageClass.java:88)
at pageClasses.UserPageClass.getTextOfStatuse(UserPageClass.java:88)
at pageClasses.UserPageClass.getTextOfStatuse(UserPageClass.java:88)
at pageClasses.UserPageClass.getTextOfStatuse(UserPageClass.java:88)
at pageClasses.UserPageClass.getTextOfStatuse(UserPageClass.java:88)
at pageClasses.UserPageClass.getTextOfStatuse(UserPageClass.java:88)
at pageClasses.UserPageClass.getTextOfStatuse(UserPageClass.java:88)
at pageClasses.UserPageClass.getTextOfStatuse(UserPageClass.java:88)
at pageClasses.UserPageClass.getTextOfStatuse(UserPageClass.java:88)
at pageClasses.UserPageClass.getTextOfStatuse(UserPageClass.java:88)
at pageClasses.UserPageClass.getTextOfStatuse(UserPageClass.java:88)
at pageClasses.UserPageClass.getTextOfStatuse(UserPageClass.java:88)
at pageClasses.UserPageClass.getTextOfStatuse(UserPageClass.java:88)
at pageClasses.UserPageClass.getTextOfStatuse(UserPageClass.java:88)
at pageClasses.UserPageClass.getTextOfStatuse(UserPageClass.java:88)
at pageClasses.UserPageClass.getTextOfStatuse(UserPageClass.java:88)
at pageClasses.UserPageClass.getTextOfStatuse(UserPageClass.java:88)
at pageClasses.UserPageClass.getTextOfStatuse(UserPageClass.java:88)
at pageClasses.UserPageClass.getTextOfStatuse(UserPageClass.java:88)
at pageClasses.UserPageClass.getTextOfStatuse(UserPageClass.java:88)
at pageClasses.UserPageClass.getTextOfStatuse(UserPageClass.java:88)
at pageClasses.UserPageClass.getTextOfStatuse(UserPageClass.java:88)
at pageClasses.UserPageClass.getTextOfStatuse(UserPageClass.java:88)
at pageClasses.UserPageClass.getTextOfStatuse(UserPageClass.java:88)
at pageClasses.UserPageClass.getTextOfStatuse(UserPageClass.java:88)
at pageClasses.UserPageClass.getTextOfStatuse(UserPageClass.java:88)
at pageClasses.UserPageClass.getTextOfStatuse(UserPageClass.java:88)
at pageClasses.UserPageClass.getTextOfStatuse(UserPageClass.java:88)
at pageClasses.UserPageClass.getTextOfStatuse(UserPageClass.java:88)
at pageClasses.UserPageClass.getTextOfStatuse(UserPageClass.java:88)
at pageClasses.UserPageClass.getTextOfStatuse(UserPageClass.java:88)
at pageClasses.UserPageClass.getTextOfStatuse(UserPageClass.java:88)
at pageClasses.UserPageClass.getTextOfStatuse(UserPageClass.java:88)
at pageClasses.UserPageClass.getTextOfStatuse(UserPageClass.java:88)
at pageClasses.UserPageClass.getTextOfStatuse(UserPageClass.java:88)
at pageClasses.UserPageClass.getTextOfStatuse(UserPageClass.java:88)
at pageClasses.UserPageClass.getTextOfStatuse(UserPageClass.java:88)
at pageClasses.UserPageClass.getTextOfStatuse(UserPageClass.java:88)
at pageClasses.UserPageClass.getTextOfStatuse(UserPageClass.java:88)
at pageClasses.UserPageClass.getTextOfStatuse(UserPageClass.java:88)
at pageClasses.UserPageClass.getTextOfStatuse(UserPageClass.java:88)
at pageClasses.UserPageClass.getTextOfStatuse(UserPageClass.java:88)
at pageClasses.UserPageClass.getTextOfStatuse(UserPageClass.java:88)
at pageClasses.UserPageClass.getTextOfStatuse(UserPageClass.java:88)
at pageClasses.UserPageClass.getTextOfStatuse(UserPageClass.java:88)
at pageClasses.UserPageClass.getTextOfStatuse(UserPageClass.java:88)
at pageClasses.UserPageClass.getTextOfStatuse(UserPageClass.java:88)
at pageClasses.UserPageClass.getTextOfStatuse(UserPageClass.java:88)
at pageClasses.UserPageClass.getTextOfStatuse(UserPageClass.java:88)
at pageClasses.UserPageClass.getTextOfStatuse(UserPageClass.java:88)
at pageClasses.UserPageClass.getTextOfStatuse(UserPageClass.java:88)
at pageClasses.UserPageClass.getTextOfStatuse(UserPageClass.java:88)
at pageClasses.UserPageClass.getTextOfStatuse(UserPageClass.java:88)
at pageClasses.UserPageClass.getTextOfStatuse(UserPageClass.java:88)
at pageClasses.UserPageClass.getTextOfStatuse(UserPageClass.java:88)
at pageClasses.UserPageClass.getTextOfStatuse(UserPageClass.java:88)
at pageClasses.UserPageClass.getTextOfStatuse(UserPageClass.java:88)
at pageClasses.UserPageClass.getTextOfStatuse(UserPageClass.java:88)
at pageClasses.UserPageClass.getTextOfStatuse(UserPageClass.java:88)
at pageClasses.UserPageClass.getTextOfStatuse(UserPageClass.java:88)
at pageClasses.UserPageClass.getTextOfStatuse(UserPageClass.java:88)
at pageClasses.UserPageClass.getTextOfStatuse(UserPageClass.java:88)
at pageClasses.UserPageClass.getTextOfStatuse(UserPageClass.java:88)
at pageClasses.UserPageClass.getTextOfStatuse(UserPageClass.java:88)
at pageClasses.UserPageClass.getTextOfStatuse(UserPageClass.java:88)
at pageClasses.UserPageClass.getTextOfStatuse(UserPageClass.java:88)
at pageClasses.UserPageClass.getTextOfStatuse(UserPageClass.java:88)
at pageClasses.UserPageClass.getTextOfStatuse(UserPageClass.java:88)
at pageClasses.UserPageClass.getTextOfStatuse(UserPageClass.java:88)
at pageClasses.UserPageClass.getTextOfStatuse(UserPageClass.java:88)
at pageClasses.UserPageClass.getTextOfStatuse(UserPageClass.java:88)
at pageClasses.UserPageClass.getTextOfStatuse(UserPageClass.java:88)
at pageClasses.UserPageClass.getTextOfStatuse(UserPageClass.java:88)
at pageClasses.UserPageClass.getTextOfStatuse(UserPageClass.java:88)
at pageClasses.UserPageClass.getTextOfStatuse(UserPageClass.java:88)
at pageClasses.UserPageClass.getTextOfStatuse(UserPageClass.java:88)
at pageClasses.UserPageClass.getTextOfStatuse(UserPageClass.java:88)
at pageClasses.UserPageClass.getTextOfStatuse(UserPageClass.java:88)
at pageClasses.UserPageClass.getTextOfStatuse(UserPageClass.java:88)
at pageClasses.UserPageClass.getTextOfStatuse(UserPageClass.java:88)
at pageClasses.UserPageClass.getTextOfStatuse(UserPageClass.java:88)
at pageClasses.UserPageClass.getTextOfStatuse(UserPageClass.java:88)
at pageClasses.UserPageClass.getTextOfStatuse(UserPageClass.java:88)
at pageClasses.UserPageClass.getTextOfStatuse(UserPageClass.java:88)
at pageClasses.UserPageClass.getTextOfStatuse(UserPageClass.java:88)
at pageClasses.UserPageClass.getTextOfStatuse(UserPageClass.java:88)
at pageClasses.UserPageClass.getTextOfStatuse(UserPageClass.java:88)
at pageClasses.UserPageClass.getTextOfStatuse(UserPageClass.java:88)
at pageClasses.UserPageClass.getTextOfStatuse(UserPageClass.java:88)
at pageClasses.UserPageClass.getTextOfStatuse(UserPageClass.java:88)
at pageClasses.UserPageClass.getTextOfStatuse(UserPageClass.java:88)
at pageClasses.UserPageClass.getTextOfStatuse(UserPageClass.java:88)
at pageClasses.UserPageClass.getTextOfStatuse(UserPageClass.java:88)
at pageClasses.UserPageClass.getTextOfStatuse(UserPageClass.java:88)
at pageClasses.UserPageClass.getTextOfStatuse(UserPageClass.java:88)
at pageClasses.UserPageClass.getTextOfStatuse(UserPageClass.java:88)
at pageClasses.UserPageClass.getTextOfStatuse(UserPageClass.java:88)
at pageClasses.UserPageClass.getTextOfStatuse(UserPageClass.java:88)
at pageClasses.UserPageClass.getTextOfStatuse(UserPageClass.java:88)
at pageClasses.UserPageClass.getTextOfStatuse(UserPageClass.java:88)
at pageClasses.UserPageClass.getTextOfStatuse(UserPageClass.java:88)
at pageClasses.UserPageClass.getTextOfStatuse(UserPageClass.java:88)
at pageClasses.UserPageClass.getTextOfStatuse(UserPageClass.java:88)
at pageClasses.UserPageClass.getTextOfStatuse(UserPageClass.java:88)
at pageClasses.UserPageClass.getTextOfStatuse(UserPageClass.java:88)
at pageClasses.UserPageClass.getTextOfStatuse(UserPageClass.java:88)
at pageClasses.UserPageClass.getTextOfStatuse(UserPageClass.java:88)
at pageClasses.UserPageClass.getTextOfStatuse(UserPageClass.java:88)
at pageClasses.UserPageClass.getTextOfStatuse(UserPageClass.java:88)
at pageClasses.UserPageClass.getTextOfStatuse(UserPageClass.java:88)
at pageClasses.UserPageClass.getTextOfStatuse(UserPageClass.java:88)
at pageClasses.UserPageClass.getTextOfStatuse(UserPageClass.java:88)
at pageClasses.UserPageClass.getTextOfStatuse(UserPageClass.java:88)
at pageClasses.UserPageClass.getTextOfStatuse(UserPageClass.java:88)
at pageClasses.UserPageClass.getTextOfStatuse(UserPageClass.java:88)
at pageClasses.UserPageClass.getTextOfStatuse(UserPageClass.java:88)
at pageClasses.UserPageClass.getTextOfStatuse(UserPageClass.java:88)
at pageClasses.UserPageClass.getTextOfStatuse(UserPageClass.java:88)
at pageClasses.UserPageClass.getTextOfStatuse(UserPageClass.java:88)
at pageClasses.UserPageClass.getTextOfStatuse(UserPageClass.java:88)
at pageClasses.UserPageClass.getTextOfStatuse(UserPageClass.java:88)
at pageClasses.UserPageClass.getTextOfStatuse(UserPageClass.java:88)
at pageClasses.UserPageClass.getTextOfStatuse(UserPageClass.java:88)
at pageClasses.UserPageClass.getTextOfStatuse(UserPageClass.java:88)
at pageClasses.UserPageClass.getTextOfStatuse(UserPageClass.java:88)
at pageClasses.UserPageClass.getTextOfStatuse(UserPageClass.java:88)
at pageClasses.UserPageClass.getTextOfStatuse(UserPageClass.java:88)
at pageClasses.UserPageClass.getTextOfStatuse(UserPageClass.java:88)
at pageClasses.UserPageClass.getTextOfStatuse(UserPageClass.java:88)
at pageClasses.UserPageClass.getTextOfStatuse(UserPageClass.java:88)
at pageClasses.UserPageClass.getTextOfStatuse(UserPageClass.java:88)
at pageClasses.UserPageClass.getTextOfStatuse(UserPageClass.java:88)
at pageClasses.UserPageClass.getTextOfStatuse(UserPageClass.java:88)
at pageClasses.UserPageClass.getTextOfStatuse(UserPageClass.java:88)
at pageClasses.UserPageClass.getTextOfStatuse(UserPageClass.java:88)
at pageClasses.UserPageClass.getTextOfStatuse(UserPageClass.java:88)
at pageClasses.UserPageClass.getTextOfStatuse(UserPageClass.java:88)
at pageClasses.UserPageClass.getTextOfStatuse(UserPageClass.java:88)
at pageClasses.UserPageClass.getTextOfStatuse(UserPageClass.java:88)
at pageClasses.UserPageClass.getTextOfStatuse(UserPageClass.java:88)
at pageClasses.UserPageClass.getTextOfStatuse(UserPageClass.java:88)
at pageClasses.UserPageClass.getTextOfStatuse(UserPageClass.java:88)
at pageClasses.UserPageClass.getTextOfStatuse(UserPageClass.java:88)
at pageClasses.UserPageClass.getTextOfStatuse(UserPageClass.java:88)
at pageClasses.UserPageClass.getTextOfStatuse(UserPageClass.java:88)
at pageClasses.UserPageClass.getTextOfStatuse(UserPageClass.java:88)
at pageClasses.UserPageClass.getTextOfStatuse(UserPageClass.java:88)
at pageClasses.UserPageClass.getTextOfStatuse(UserPageClass.java:88)
at pageClasses.UserPageClass.getTextOfStatuse(UserPageClass.java:88)
at pageClasses.UserPageClass.getTextOfStatuse(UserPageClass.java:88)
at pageClasses.UserPageClass.getTextOfStatuse(UserPageClass.java:88)
at pageClasses.UserPageClass.getTextOfStatuse(UserPageClass.java:88)
at pageClasses.UserPageClass.getTextOfStatuse(UserPageClass.java:88)
at pageClasses.UserPageClass.getTextOfStatuse(UserPageClass.java:88)
at pageClasses.UserPageClass.getTextOfStatuse(UserPageClass.java:88)
at pageClasses.UserPageClass.getTextOfStatuse(UserPageClass.java:88)
at pageClasses.UserPageClass.getTextOfStatuse(UserPageClass.java:88)
at pageClasses.UserPageClass.getTextOfStatuse(UserPageClass.java:88)
at pageClasses.UserPageClass.getTextOfStatuse(UserPageClass.java:88)
at pageClasses.UserPageClass.getTextOfStatuse(UserPageClass.java:88)
at pageClasses.UserPageClass.getTextOfStatuse(UserPageClass.java:88)
at pageClasses.UserPageClass.getTextOfStatuse(UserPageClass.java:88)
at pageClasses.UserPageClass.getTextOfStatuse(UserPageClass.java:88)
at pageClasses.UserPageClass.getTextOfStatuse(UserPageClass.java:88)
at pageClasses.UserPageClass.getTextOfStatuse(UserPageClass.java:88)
at pageClasses.UserPageClass.getTextOfStatuse(UserPageClass.java:88)
at pageClasses.UserPageClass.getTextOfStatuse(UserPageClass.java:88)
at pageClasses.UserPageClass.getTextOfStatuse(UserPageClass.java:88)
at pageClasses.UserPageClass.getTextOfStatuse(UserPageClass.java:88)
at pageClasses.UserPageClass.getTextOfStatuse(UserPageClass.java:88)
at pageClasses.UserPageClass.getTextOfStatuse(UserPageClass.java:88)
at pageClasses.UserPageClass.getTextOfStatuse(UserPageClass.java:88)
at pageClasses.UserPageClass.getTextOfStatuse(UserPageClass.java:88)
at pageClasses.UserPageClass.getTextOfStatuse(UserPageClass.java:88)
at pageClasses.UserPageClass.getTextOfStatuse(UserPageClass.java:88)
at pageClasses.UserPageClass.getTextOfStatuse(UserPageClass.java:88)
at pageClasses.UserPageClass.getTextOfStatuse(UserPageClass.java:88)
at pageClasses.UserPageClass.getTextOfStatuse(UserPageClass.java:88)
at pageClasses.UserPageClass.getTextOfStatuse(UserPageClass.java:88)
at pageClasses.UserPageClass.getTextOfStatuse(UserPageClass.java:88)
at pageClasses.UserPageClass.getTextOfStatuse(UserPageClass.java:88)
at pageClasses.UserPageClass.getTextOfStatuse(UserPageClass.java:88)
at pageClasses.UserPageClass.getTextOfStatuse(UserPageClass.java:88)
at pageClasses.UserPageClass.getTextOfStatuse(UserPageClass.java:88)
at pageClasses.UserPageClass.getTextOfStatuse(UserPageClass.java:88)
at pageClasses.UserPageClass.getTextOfStatuse(UserPageClass.java:88)
at pageClasses.UserPageClass.getTextOfStatuse(UserPageClass.java:88)
at pageClasses.UserPageClass.getTextOfStatuse(UserPageClass.java:88)
at pageClasses.UserPageClass.getTextOfStatuse(UserPageClass.java:88)
at pageClasses.UserPageClass.getTextOfStatuse(UserPageClass.java:88)
at pageClasses.UserPageClass.getTextOfStatuse(UserPageClass.java:88)
at pageClasses.UserPageClass.getTextOfStatuse(UserPageClass.java:88)
at pageClasses.UserPageClass.getTextOfStatuse(UserPageClass.java:88)
at pageClasses.UserPageClass.getTextOfStatuse(UserPageClass.java:88)
at pageClasses.UserPageClass.getTextOfStatuse(UserPageClass.java:88)
at pageClasses.UserPageClass.getTextOfStatuse(UserPageClass.java:88)
at pageClasses.UserPageClass.getTextOfStatuse(UserPageClass.java:88)
at pageClasses.UserPageClass.getTextOfStatuse(UserPageClass.java:88)
at pageClasses.UserPageClass.getTextOfStatuse(UserPageClass.java:88)
at pageClasses.UserPageClass.getTextOfStatuse(UserPageClass.java:88)
at pageClasses.UserPageClass.getTextOfStatuse(UserPageClass.java:88)
at pageClasses.UserPageClass.getTextOfStatuse(UserPageClass.java:88)
at pageClasses.UserPageClass.getTextOfStatuse(UserPageClass.java:88)
at pageClasses.UserPageClass.getTextOfStatuse(UserPageClass.java:88)
at pageClasses.UserPageClass.getTextOfStatuse(UserPageClass.java:88)
at pageClasses.UserPageClass.getTextOfStatuse(UserPageClass.java:88)
at pageClasses.UserPageClass.getTextOfStatuse(UserPageClass.java:88)
at pageClasses.UserPageClass.getTextOfStatuse(UserPageClass.java:88)
at pageClasses.UserPageClass.getTextOfStatuse(UserPageClass.java:88)
at pageClasses.UserPageClass.getTextOfStatuse(UserPageClass.java:88)
at pageClasses.UserPageClass.getTextOfStatuse(UserPageClass.java:88)
at pageClasses.UserPageClass.getTextOfStatuse(UserPageClass.java:88)
at pageClasses.UserPageClass.getTextOfStatuse(UserPageClass.java:88)
at pageClasses.UserPageClass.getTextOfStatuse(UserPageClass.java:88)
at pageClasses.UserPageClass.getTextOfStatuse(UserPageClass.java:88)
at pageClasses.UserPageClass.getTextOfStatuse(UserPageClass.java:88)
at pageClasses.UserPageClass.getTextOfStatuse(UserPageClass.java:88)
at pageClasses.UserPageClass.getTextOfStatuse(UserPageClass.java:88)
at pageClasses.UserPageClass.getTextOfStatuse(UserPageClass.java:88)
at pageClasses.UserPageClass.getTextOfStatuse(UserPageClass.java:88)
at pageClasses.UserPageClass.getTextOfStatuse(UserPageClass.java:88)
at pageClasses.UserPageClass.getTextOfStatuse(UserPageClass.java:88)
at pageClasses.UserPageClass.getTextOfStatuse(UserPageClass.java:88)
at pageClasses.UserPageClass.getTextOfStatuse(UserPageClass.java:88)
at pageClasses.UserPageClass.getTextOfStatuse(UserPageClass.java:88)
at pageClasses.UserPageClass.getTextOfStatuse(UserPageClass.java:88)
at pageClasses.UserPageClass.getTextOfStatuse(UserPageClass.java:88)
at pageClasses.UserPageClass.getTextOfStatuse(UserPageClass.java:88)
at pageClasses.UserPageClass.getTextOfStatuse(UserPageClass.java:88)
at pageClasses.UserPageClass.getTextOfStatuse(UserPageClass.java:88)
at pageClasses.UserPageClass.getTextOfStatuse(UserPageClass.java:88)
at pageClasses.UserPageClass.getTextOfStatuse(UserPageClass.java:88)
at pageClasses.UserPageClass.getTextOfStatuse(UserPageClass.java:88)
at pageClasses.UserPageClass.getTextOfStatuse(UserPageClass.java:88)
at pageClasses.UserPageClass.getTextOfStatuse(UserPageClass.java:88)
at pageClasses.UserPageClass.getTextOfStatuse(UserPageClass.java:88)
at pageClasses.UserPageClass.getTextOfStatuse(UserPageClass.java:88)
at pageClasses.UserPageClass.getTextOfStatuse(UserPageClass.java:88)
at pageClasses.UserPageClass.getTextOfStatuse(UserPageClass.java:88)
at pageClasses.UserPageClass.getTextOfStatuse(UserPageClass.java:88)
at pageClasses.UserPageClass.getTextOfStatuse(UserPageClass.java:88)
at pageClasses.UserPageClass.getTextOfStatuse(UserPageClass.java:88)
at pageClasses.UserPageClass.getTextOfStatuse(UserPageClass.java:88)
at pageClasses.UserPageClass.getTextOfStatuse(UserPageClass.java:88)
at pageClasses.UserPageClass.getTextOfStatuse(UserPageClass.java:88)
at pageClasses.UserPageClass.getTextOfStatuse(UserPageClass.java:88)
at pageClasses.UserPageClass.getTextOfStatuse(UserPageClass.java:88)
at pageClasses.UserPageClass.getTextOfStatuse(UserPageClass.java:88)
at pageClasses.UserPageClass.getTextOfStatuse(UserPageClass.java:88)
at pageClasses.UserPageClass.getTextOfStatuse(UserPageClass.java:88)
at pageClasses.UserPageClass.getTextOfStatuse(UserPageClass.java:88)
at pageClasses.UserPageClass.getTextOfStatuse(UserPageClass.java:88)
at pageClasses.UserPageClass.getTextOfStatuse(UserPageClass.java:88)
at pageClasses.UserPageClass.getTextOfStatuse(UserPageClass.java:88)
at pageClasses.UserPageClass.getTextOfStatuse(UserPageClass.java:88)
at pageClasses.UserPageClass.getTextOfStatuse(UserPageClass.java:88)
at pageClasses.UserPageClass.getTextOfStatuse(UserPageClass.java:88)
at pageClasses.UserPageClass.getTextOfStatuse(UserPageClass.java:88)
at pageClasses.UserPageClass.getTextOfStatuse(UserPageClass.java:88)
at pageClasses.UserPageClass.getTextOfStatuse(UserPageClass.java:88)
at pageClasses.UserPageClass.getTextOfStatuse(UserPageClass.java:88)
at pageClasses.UserPageClass.getTextOfStatuse(UserPageClass.java:88)
at pageClasses.UserPageClass.getTextOfStatuse(UserPageClass.java:88)
at pageClasses.UserPageClass.getTextOfStatuse(UserPageClass.java:88)
at pageClasses.UserPageClass.getTextOfStatuse(UserPageClass.java:88)
at pageClasses.UserPageClass.getTextOfStatuse(UserPageClass.java:88)
at pageClasses.UserPageClass.getTextOfStatuse(UserPageClass.java:88)
at pageClasses.UserPageClass.getTextOfStatuse(UserPageClass.java:88)
at pageClasses.UserPageClass.getTextOfStatuse(UserPageClass.java:88)
at pageClasses.UserPageClass.getTextOfStatuse(UserPageClass.java:88)
at pageClasses.UserPageClass.getTextOfStatuse(UserPageClass.java:88)
at pageClasses.UserPageClass.getTextOfStatuse(UserPageClass.java:88)
at pageClasses.UserPageClass.getTextOfStatuse(UserPageClass.java:88)
at pageClasses.UserPageClass.getTextOfStatuse(UserPageClass.java:88)
at pageClasses.UserPageClass.getTextOfStatuse(UserPageClass.java:88)
at pageClasses.UserPageClass.getTextOfStatuse(UserPageClass.java:88)
at pageClasses.UserPageClass.getTextOfStatuse(UserPageClass.java:88)
at pageClasses.UserPageClass.getTextOfStatuse(UserPageClass.java:88)
at pageClasses.UserPageClass.getTextOfStatuse(UserPageClass.java:88)
at pageClasses.UserPageClass.getTextOfStatuse(UserPageClass.java:88)
at pageClasses.UserPageClass.getTextOfStatuse(UserPageClass.java:88)
at pageClasses.UserPageClass.getTextOfStatuse(UserPageClass.java:88)
at pageClasses.UserPageClass.getTextOfStatuse(UserPageClass.java:88)
at pageClasses.UserPageClass.getTextOfStatuse(UserPageClass.java:88)
at pageClasses.UserPageClass.getTextOfStatuse(UserPageClass.java:88)
at pageClasses.UserPageClass.getTextOfStatuse(UserPageClass.java:88)
at pageClasses.UserPageClass.getTextOfStatuse(UserPageClass.java:88)
at pageClasses.UserPageClass.getTextOfStatuse(UserPageClass.java:88)
at pageClasses.UserPageClass.getTextOfStatuse(UserPageClass.java:88)
at pageClasses.UserPageClass.getTextOfStatuse(UserPageClass.java:88)
at pageClasses.UserPageClass.getTextOfStatuse(UserPageClass.java:88)
at pageClasses.UserPageClass.getTextOfStatuse(UserPageClass.java:88)
at pageClasses.UserPageClass.getTextOfStatuse(UserPageClass.java:88)
at pageClasses.UserPageClass.getTextOfStatuse(UserPageClass.java:88)
at pageClasses.UserPageClass.getTextOfStatuse(UserPageClass.java:88)
at pageClasses.UserPageClass.getTextOfStatuse(UserPageClass.java:88)
at pageClasses.UserPageClass.getTextOfStatuse(UserPageClass.java:88)
at pageClasses.UserPageClass.getTextOfStatuse(UserPageClass.java:88)
at pageClasses.UserPageClass.getTextOfStatuse(UserPageClass.java:88)
at pageClasses.UserPageClass.getTextOfStatuse(UserPageClass.java:88)
at pageClasses.UserPageClass.getTextOfStatuse(UserPageClass.java:88)
at pageClasses.UserPageClass.getTextOfStatuse(UserPageClass.java:88)
at pageClasses.UserPageClass.getTextOfStatuse(UserPageClass.java:88)
at pageClasses.UserPageClass.getTextOfStatuse(UserPageClass.java:88)
at pageClasses.UserPageClass.getTextOfStatuse(UserPageClass.java:88)
at pageClasses.UserPageClass.getTextOfStatuse(UserPageClass.java:88)
at pageClasses.UserPageClass.getTextOfStatuse(UserPageClass.java:88)
at pageClasses.UserPageClass.getTextOfStatuse(UserPageClass.java:88)
at pageClasses.UserPageClass.getTextOfStatuse(UserPageClass.java:88)
at pageClasses.UserPageClass.getTextOfStatuse(UserPageClass.java:88)
at pageClasses.UserPageClass.getTextOfStatuse(UserPageClass.java:88)
at pageClasses.UserPageClass.getTextOfStatuse(UserPageClass.java:88)
at pageClasses.UserPageClass.getTextOfStatuse(UserPageClass.java:88)
at pageClasses.UserPageClass.getTextOfStatuse(UserPageClass.java:88)
at pageClasses.UserPageClass.getTextOfStatuse(UserPageClass.java:88)
at pageClasses.UserPageClass.getTextOfStatuse(UserPageClass.java:88)
at pageClasses.UserPageClass.getTextOfStatuse(UserPageClass.java:88)
at pageClasses.UserPageClass.getTextOfStatuse(UserPageClass.java:88)
at pageClasses.UserPageClass.getTextOfStatuse(UserPageClass.java:88)
at pageClasses.UserPageClass.getTextOfStatuse(UserPageClass.java:88)
at pageClasses.UserPageClass.getTextOfStatuse(UserPageClass.java:88)
at pageClasses.UserPageClass.getTextOfStatuse(UserPageClass.java:88)
at pageClasses.UserPageClass.getTextOfStatuse(UserPageClass.java:88)
at pageClasses.UserPageClass.getTextOfStatuse(UserPageClass.java:88)
at pageClasses.UserPageClass.getTextOfStatuse(UserPageClass.java:88)
at pageClasses.UserPageClass.getTextOfStatuse(UserPageClass.java:88)
at pageClasses.UserPageClass.getTextOfStatuse(UserPageClass.java:88)
at pageClasses.UserPageClass.getTextOfStatuse(UserPageClass.java:88)
at pageClasses.UserPageClass.getTextOfStatuse(UserPageClass.java:88)
at pageClasses.UserPageClass.getTextOfStatuse(UserPageClass.java:88)
at pageClasses.UserPageClass.getTextOfStatuse(UserPageClass.java:88)
at pageClasses.UserPageClass.getTextOfStatuse(UserPageClass.java:88)
at pageClasses.UserPageClass.getTextOfStatuse(UserPageClass.java:88)
at pageClasses.UserPageClass.getTextOfStatuse(UserPageClass.java:88)
at pageClasses.UserPageClass.getTextOfStatuse(UserPageClass.java:88)
at pageClasses.UserPageClass.getTextOfStatuse(UserPageClass.java:88)
at pageClasses.UserPageClass.getTextOfStatuse(UserPageClass.java:88)
at pageClasses.UserPageClass.getTextOfStatuse(UserPageClass.java:88)
at pageClasses.UserPageClass.getTextOfStatuse(UserPageClass.java:88)
at pageClasses.UserPageClass.getTextOfStatuse(UserPageClass.java:88)
at pageClasses.UserPageClass.getTextOfStatuse(UserPageClass.java:88)
at pageClasses.UserPageClass.getTextOfStatuse(UserPageClass.java:88)
at pageClasses.UserPageClass.getTextOfStatuse(UserPageClass.java:88)
at pageClasses.UserPageClass.getTextOfStatuse(UserPageClass.java:88)
at pageClasses.UserPageClass.getTextOfStatuse(UserPageClass.java:88)
at pageClasses.UserPageClass.getTextOfStatuse(UserPageClass.java:88)
at pageClasses.UserPageClass.getTextOfStatuse(UserPageClass.java:88)
at pageClasses.UserPageClass.getTextOfStatuse(UserPageClass.java:88)
at pageClasses.UserPageClass.getTextOfStatuse(UserPageClass.java:88)
at pageClasses.UserPageClass.getTextOfStatuse(UserPageClass.java:88)
at pageClasses.UserPageClass.getTextOfStatuse(UserPageClass.java:88)
at pageClasses.UserPageClass.getTextOfStatuse(UserPageClass.java:88)
at pageClasses.UserPageClass.getTextOfStatuse(UserPageClass.java:88)
at pageClasses.UserPageClass.getTextOfStatuse(UserPageClass.java:88)
at pageClasses.UserPageClass.getTextOfStatuse(UserPageClass.java:88)
at pageClasses.UserPageClass.getTextOfStatuse(UserPageClass.java:88)
at pageClasses.UserPageClass.getTextOfStatuse(UserPageClass.java:88)
at pageClasses.UserPageClass.getTextOfStatuse(UserPageClass.java:88)
at pageClasses.UserPageClass.getTextOfStatuse(UserPageClass.java:88)
at pageClasses.UserPageClass.getTextOfStatuse(UserPageClass.java:88)
at pageClasses.UserPageClass.getTextOfStatuse(UserPageClass.java:88)
at pageClasses.UserPageClass.getTextOfStatuse(UserPageClass.java:88)
at pageClasses.UserPageClass.getTextOfStatuse(UserPageClass.java:88)
at pageClasses.UserPageClass.getTextOfStatuse(UserPageClass.java:88)
at pageClasses.UserPageClass.getTextOfStatuse(UserPageClass.java:88)
at pageClasses.UserPageClass.getTextOfStatuse(UserPageClass.java:88)
at pageClasses.UserPageClass.getTextOfStatuse(UserPageClass.java:88)
at pageClasses.UserPageClass.getTextOfStatuse(UserPageClass.java:88)
at pageClasses.UserPageClass.getTextOfStatuse(UserPageClass.java:88)
at pageClasses.UserPageClass.getTextOfStatuse(UserPageClass.java:88)
at pageClasses.UserPageClass.getTextOfStatuse(UserPageClass.java:88)
at pageClasses.UserPageClass.getTextOfStatuse(UserPageClass.java:88)
at pageClasses.UserPageClass.getTextOfStatuse(UserPageClass.java:88)
at pageClasses.UserPageClass.getTextOfStatuse(UserPageClass.java:88)
at pageClasses.UserPageClass.getTextOfStatuse(UserPageClass.java:88)
at pageClasses.UserPageClass.getTextOfStatuse(UserPageClass.java:88)
at pageClasses.UserPageClass.getTextOfStatuse(UserPageClass.java:88)
at pageClasses.UserPageClass.getTextOfStatuse(UserPageClass.java:88)
at pageClasses.UserPageClass.getTextOfStatuse(UserPageClass.java:88)
at pageClasses.UserPageClass.getTextOfStatuse(UserPageClass.java:88)
at pageClasses.UserPageClass.getTextOfStatuse(UserPageClass.java:88)
at pageClasses.UserPageClass.getTextOfStatuse(UserPageClass.java:88)
at pageClasses.UserPageClass.getTextOfStatuse(UserPageClass.java:88)
at pageClasses.UserPageClass.getTextOfStatuse(UserPageClass.java:88)
at pageClasses.UserPageClass.getTextOfStatuse(UserPageClass.java:88)
at pageClasses.UserPageClass.getTextOfStatuse(UserPageClass.java:88)
at pageClasses.UserPageClass.getTextOfStatuse(UserPageClass.java:88)
at pageClasses.UserPageClass.getTextOfStatuse(UserPageClass.java:88)
at pageClasses.UserPageClass.getTextOfStatuse(UserPageClass.java:88)
at pageClasses.UserPageClass.getTextOfStatuse(UserPageClass.java:88)
at pageClasses.UserPageClass.getTextOfStatuse(UserPageClass.java:88)
at pageClasses.UserPageClass.getTextOfStatuse(UserPageClass.java:88)
at pageClasses.UserPageClass.getTextOfStatuse(UserPageClass.java:88)
at pageClasses.UserPageClass.getTextOfStatuse(UserPageClass.java:88)
at pageClasses.UserPageClass.getTextOfStatuse(UserPageClass.java:88)
at pageClasses.UserPageClass.getTextOfStatuse(UserPageClass.java:88)
at pageClasses.UserPageClass.getTextOfStatuse(UserPageClass.java:88)
at pageClasses.UserPageClass.getTextOfStatuse(UserPageClass.java:88)
at pageClasses.UserPageClass.getTextOfStatuse(UserPageClass.java:88)
at pageClasses.UserPageClass.getTextOfStatuse(UserPageClass.java:88)
at pageClasses.UserPageClass.getTextOfStatuse(UserPageClass.java:88)
at pageClasses.UserPageClass.getTextOfStatuse(UserPageClass.java:88)
at pageClasses.UserPageClass.getTextOfStatuse(UserPageClass.java:88)
at pageClasses.UserPageClass.getTextOfStatuse(UserPageClass.java:88)
at pageClasses.UserPageClass.getTextOfStatuse(UserPageClass.java:88)
at pageClasses.UserPageClass.getTextOfStatuse(UserPageClass.java:88)
at pageClasses.UserPageClass.getTextOfStatuse(UserPageClass.java:88)
at pageClasses.UserPageClass.getTextOfStatuse(UserPageClass.java:88)
at pageClasses.UserPageClass.getTextOfStatuse(UserPageClass.java:88)
at pageClasses.UserPageClass.getTextOfStatuse(UserPageClass.java:88)
at pageClasses.UserPageClass.getTextOfStatuse(UserPageClass.java:88)
at pageClasses.UserPageClass.getTextOfStatuse(UserPageClass.java:88)
at pageClasses.UserPageClass.getTextOfStatuse(UserPageClass.java:88)
at pageClasses.UserPageClass.getTextOfStatuse(UserPageClass.java:88)
at pageClasses.UserPageClass.getTextOfStatuse(UserPageClass.java:88)
at pageClasses.UserPageClass.getTextOfStatuse(UserPageClass.java:88)
at pageClasses.UserPageClass.getTextOfStatuse(UserPageClass.java:88)
at pageClasses.UserPageClass.getTextOfStatuse(UserPageClass.java:88)
at pageClasses.UserPageClass.getTextOfStatuse(UserPageClass.java:88)
at pageClasses.UserPageClass.getTextOfStatuse(UserPageClass.java:88)
at pageClasses.UserPageClass.getTextOfStatuse(UserPageClass.java:88)
at pageClasses.UserPageClass.getTextOfStatuse(UserPageClass.java:88)
at pageClasses.UserPageClass.getTextOfStatuse(UserPageClass.java:88)
at pageClasses.UserPageClass.getTextOfStatuse(UserPageClass.java:88)
at pageClasses.UserPageClass.getTextOfStatuse(UserPageClass.java:88)
at pageClasses.UserPageClass.getTextOfStatuse(UserPageClass.java:88)
at pageClasses.UserPageClass.getTextOfStatuse(UserPageClass.java:88)
at pageClasses.UserPageClass.getTextOfStatuse(UserPageClass.java:88)
at pageClasses.UserPageClass.getTextOfStatuse(UserPageClass.java:88)
at pageClasses.UserPageClass.getTextOfStatuse(UserPageClass.java:88)
at pageClasses.UserPageClass.getTextOfStatuse(UserPageClass.java:88)
at pageClasses.UserPageClass.getTextOfStatuse(UserPageClass.java:88)
at pageClasses.UserPageClass.getTextOfStatuse(UserPageClass.java:88)
at pageClasses.UserPageClass.getTextOfStatuse(UserPageClass.java:88)
at pageClasses.UserPageClass.getTextOfStatuse(UserPageClass.java:88)
at pageClasses.UserPageClass.getTextOfStatuse(UserPageClass.java:88)
at pageClasses.UserPageClass.getTextOfStatuse(UserPageClass.java:88)
at pageClasses.UserPageClass.getTextOfStatuse(UserPageClass.java:88)
at pageClasses.UserPageClass.getTextOfStatuse(UserPageClass.java:88)
at pageClasses.UserPageClass.getTextOfStatuse(UserPageClass.java:88)
at pageClasses.UserPageClass.getTextOfStatuse(UserPageClass.java:88)
at pageClasses.UserPageClass.getTextOfStatuse(UserPageClass.java:88)
at pageClasses.UserPageClass.getTextOfStatuse(UserPageClass.java:88)
at pageClasses.UserPageClass.getTextOfStatuse(UserPageClass.java:88)
at pageClasses.UserPageClass.getTextOfStatuse(UserPageClass.java:88)
at pageClasses.UserPageClass.getTextOfStatuse(UserPageClass.java:88)
at pageClasses.UserPageClass.getTextOfStatuse(UserPageClass.java:88)
at pageClasses.UserPageClass.getTextOfStatuse(UserPageClass.java:88)
at pageClasses.UserPageClass.getTextOfStatuse(UserPageClass.java:88)
at pageClasses.UserPageClass.getTextOfStatuse(UserPageClass.java:88)
at pageClasses.UserPageClass.getTextOfStatuse(UserPageClass.java:88)
at pageClasses.UserPageClass.getTextOfStatuse(UserPageClass.java:88)
at pageClasses.UserPageClass.getTextOfStatuse(UserPageClass.java:88)
at pageClasses.UserPageClass.getTextOfStatuse(UserPageClass.java:88)
at pageClasses.UserPageClass.getTextOfStatuse(UserPageClass.java:88)
at pageClasses.UserPageClass.getTextOfStatuse(UserPageClass.java:88)
at pageClasses.UserPageClass.getTextOfStatuse(UserPageClass.java:88)
at pageClasses.UserPageClass.getTextOfStatuse(UserPageClass.java:88)
at pageClasses.UserPageClass.getTextOfStatuse(UserPageClass.java:88)
at pageClasses.UserPageClass.getTextOfStatuse(UserPageClass.java:88)
at pageClasses.UserPageClass.getTextOfStatuse(UserPageClass.java:88)
at pageClasses.UserPageClass.getTextOfStatuse(UserPageClass.java:88)
at pageClasses.UserPageClass.getTextOfStatuse(UserPageClass.java:88)
at pageClasses.UserPageClass.getTextOfStatuse(UserPageClass.java:88)
at pageClasses.UserPageClass.getTextOfStatuse(UserPageClass.java:88)
at pageClasses.UserPageClass.getTextOfStatuse(UserPageClass.java:88)
at pageClasses.UserPageClass.getTextOfStatuse(UserPageClass.java:88)
at pageClasses.UserPageClass.getTextOfStatuse(UserPageClass.java:88)
at pageClasses.UserPageClass.getTextOfStatuse(UserPageClass.java:88)
at pageClasses.UserPageClass.getTextOfStatuse(UserPageClass.java:88)
at pageClasses.UserPageClass.getTextOfStatuse(UserPageClass.java:88)
at pageClasses.UserPageClass.getTextOfStatuse(UserPageClass.java:88)
at pageClasses.UserPageClass.getTextOfStatuse(UserPageClass.java:88)
at pageClasses.UserPageClass.getTextOfStatuse(UserPageClass.java:88)
at pageClasses.UserPageClass.getTextOfStatuse(UserPageClass.java:88)
at pageClasses.UserPageClass.getTextOfStatuse(UserPageClass.java:88)
at pageClasses.UserPageClass.getTextOfStatuse(UserPageClass.java:88)
at pageClasses.UserPageClass.getTextOfStatuse(UserPageClass.java:88)
at pageClasses.UserPageClass.getTextOfStatuse(UserPageClass.java:88)
at pageClasses.UserPageClass.getTextOfStatuse(UserPageClass.java:88)
at pageClasses.UserPageClass.getTextOfStatuse(UserPageClass.java:88)
at pageClasses.UserPageClass.getTextOfStatuse(UserPageClass.java:88)
at pageClasses.UserPageClass.getTextOfStatuse(UserPageClass.java:88)
at pageClasses.UserPageClass.getTextOfStatuse(UserPageClass.java:88)
at pageClasses.UserPageClass.getTextOfStatuse(UserPageClass.java:88)
at pageClasses.UserPageClass.getTextOfStatuse(UserPageClass.java:88)
at pageClasses.UserPageClass.getTextOfStatuse(UserPageClass.java:88)
at pageClasses.UserPageClass.getTextOfStatuse(UserPageClass.java:88)
at pageClasses.UserPageClass.getTextOfStatuse(UserPageClass.java:88)
at pageClasses.UserPageClass.getTextOfStatuse(UserPageClass.java:88)
at pageClasses.UserPageClass.getTextOfStatuse(UserPageClass.java:88)
at pageClasses.UserPageClass.getTextOfStatuse(UserPageClass.java:88)
at pageClasses.UserPageClass.getTextOfStatuse(UserPageClass.java:88)
at pageClasses.UserPageClass.getTextOfStatuse(UserPageClass.java:88)
at pageClasses.UserPageClass.getTextOfStatuse(UserPageClass.java:88)
at pageClasses.UserPageClass.getTextOfStatuse(UserPageClass.java:88)
at pageClasses.UserPageClass.getTextOfStatuse(UserPageClass.java:88)
at pageClasses.UserPageClass.getTextOfStatuse(UserPageClass.java:88)
at pageClasses.UserPageClass.getTextOfStatuse(UserPageClass.java:88)
at pageClasses.UserPageClass.getTextOfStatuse(UserPageClass.java:88)
at pageClasses.UserPageClass.getTextOfStatuse(UserPageClass.java:88)
at pageClasses.UserPageClass.getTextOfStatuse(UserPageClass.java:88)
at pageClasses.UserPageClass.getTextOfStatuse(UserPageClass.java:88)
at pageClasses.UserPageClass.getTextOfStatuse(UserPageClass.java:88)
at pageClasses.UserPageClass.getTextOfStatuse(UserPageClass.java:88)
at pageClasses.UserPageClass.getTextOfStatuse(UserPageClass.java:88)
at pageClasses.UserPageClass.getTextOfStatuse(UserPageClass.java:88)
at pageClasses.UserPageClass.getTextOfStatuse(UserPageClass.java:88)
at pageClasses.UserPageClass.getTextOfStatuse(UserPageClass.java:88)
at pageClasses.UserPageClass.getTextOfStatuse(UserPageClass.java:88)
at pageClasses.UserPageClass.getTextOfStatuse(UserPageClass.java:88)
at pageClasses.UserPageClass.getTextOfStatuse(UserPageClass.java:88)
at pageClasses.UserPageClass.getTextOfStatuse(UserPageClass.java:88)
at pageClasses.UserPageClass.getTextOfStatuse(UserPageClass.java:88)
at pageClasses.UserPageClass.getTextOfStatuse(UserPageClass.java:88)
at pageClasses.UserPageClass.getTextOfStatuse(UserPageClass.java:88)
at pageClasses.UserPageClass.getTextOfStatuse(UserPageClass.java:88)
at pageClasses.UserPageClass.getTextOfStatuse(UserPageClass.java:88)
at pageClasses.UserPageClass.getTextOfStatuse(UserPageClass.java:88)
at pageClasses.UserPageClass.getTextOfStatuse(UserPageClass.java:88)
at pageClasses.UserPageClass.getTextOfStatuse(UserPageClass.java:88)
at pageClasses.UserPageClass.getTextOfStatuse(UserPageClass.java:88)
at pageClasses.UserPageClass.getTextOfStatuse(UserPageClass.java:88)
at pageClasses.UserPageClass.getTextOfStatuse(UserPageClass.java:88)
at pageClasses.UserPageClass.getTextOfStatuse(UserPageClass.java:88)
at pageClasses.UserPageClass.getTextOfStatuse(UserPageClass.java:88)
at pageClasses.UserPageClass.getTextOfStatuse(UserPageClass.java:88)
at pageClasses.UserPageClass.getTextOfStatuse(UserPageClass.java:88)
at pageClasses.UserPageClass.getTextOfStatuse(UserPageClass.java:88)
at pageClasses.UserPageClass.getTextOfStatuse(UserPageClass.java:88)
at pageClasses.UserPageClass.getTextOfStatuse(UserPageClass.java:88)
at pageClasses.UserPageClass.getTextOfStatuse(UserPageClass.java:88)
at pageClasses.UserPageClass.getTextOfStatuse(UserPageClass.java:88)
at pageClasses.UserPageClass.getTextOfStatuse(UserPageClass.java:88)
at pageClasses.UserPageClass.getTextOfStatuse(UserPageClass.java:88)
at pageClasses.UserPageClass.getTextOfStatuse(UserPageClass.java:88)
at pageClasses.UserPageClass.getTextOfStatuse(UserPageClass.java:88)
at pageClasses.UserPageClass.getTextOfStatuse(UserPageClass.java:88)
at pageClasses.UserPageClass.getTextOfStatuse(UserPageClass.java:88)
at pageClasses.UserPageClass.getTextOfStatuse(UserPageClass.java:88)
at pageClasses.UserPageClass.getTextOfStatuse(UserPageClass.java:88)
at pageClasses.UserPageClass.getTextOfStatuse(UserPageClass.java:88)
at pageClasses.UserPageClass.getTextOfStatuse(UserPageClass.java:88)
at pageClasses.UserPageClass.getTextOfStatuse(UserPageClass.java:88)
at pageClasses.UserPageClass.getTextOfStatuse(UserPageClass.java:88)
at pageClasses.UserPageClass.getTextOfStatuse(UserPageClass.java:88)
at pageClasses.UserPageClass.getTextOfStatuse(UserPageClass.java:88)
at pageClasses.UserPageClass.getTextOfStatuse(UserPageClass.java:88)
at pageClasses.UserPageClass.getTextOfStatuse(UserPageClass.java:88)
at pageClasses.UserPageClass.getTextOfStatuse(UserPageClass.java:88)
at pageClasses.UserPageClass.getTextOfStatuse(UserPageClass.java:88)
at pageClasses.UserPageClass.getTextOfStatuse(UserPageClass.java:88)
at pageClasses.UserPageClass.getTextOfStatuse(UserPageClass.java:88)
at pageClasses.UserPageClass.getTextOfStatuse(UserPageClass.java:88)
at pageClasses.UserPageClass.getTextOfStatuse(UserPageClass.java:88)
at pageClasses.UserPageClass.getTextOfStatuse(UserPageClass.java:88)
at pageClasses.UserPageClass.getTextOfStatuse(UserPageClass.java:88)
at pageClasses.UserPageClass.getTextOfStatuse(UserPageClass.java:88)
at pageClasses.UserPageClass.getTextOfStatuse(UserPageClass.java:88)
at pageClasses.UserPageClass.getTextOfStatuse(UserPageClass.java:88)
at pageClasses.UserPageClass.getTextOfStatuse(UserPageClass.java:88)
at pageClasses.UserPageClass.getTextOfStatuse(UserPageClass.java:88)
at pageClasses.UserPageClass.getTextOfStatuse(UserPageClass.java:88)
at pageClasses.UserPageClass.getTextOfStatuse(UserPageClass.java:88)
at pageClasses.UserPageClass.getTextOfStatuse(UserPageClass.java:88)
at pageClasses.UserPageClass.getTextOfStatuse(UserPageClass.java:88)
at pageClasses.UserPageClass.getTextOfStatuse(UserPageClass.java:88)
at pageClasses.UserPageClass.getTextOfStatuse(UserPageClass.java:88)
at pageClasses.UserPageClass.getTextOfStatuse(UserPageClass.java:88)
at pageClasses.UserPageClass.getTextOfStatuse(UserPageClass.java:88)
at pageClasses.UserPageClass.getTextOfStatuse(UserPageClass.java:88)
at pageClasses.UserPageClass.getTextOfStatuse(UserPageClass.java:88)
at pageClasses.UserPageClass.getTextOfStatuse(UserPageClass.java:88)
at pageClasses.UserPageClass.getTextOfStatuse(UserPageClass.java:88)
at pageClasses.UserPageClass.getTextOfStatuse(UserPageClass.java:88)
at pageClasses.UserPageClass.getTextOfStatuse(UserPageClass.java:88)
at pageClasses.UserPageClass.getTextOfStatuse(UserPageClass.java:88)
at pageClasses.UserPageClass.getTextOfStatuse(UserPageClass.java:88)
at pageClasses.UserPageClass.getTextOfStatuse(UserPageClass.java:88)
at pageClasses.UserPageClass.getTextOfStatuse(UserPageClass.java:88)
at pageClasses.UserPageClass.getTextOfStatuse(UserPageClass.java:88)
at pageClasses.UserPageClass.getTextOfStatuse(UserPageClass.java:88)
at pageClasses.UserPageClass.getTextOfStatuse(UserPageClass.java:88)
at pageClasses.UserPageClass.getTextOfStatuse(UserPageClass.java:88)
at pageClasses.UserPageClass.getTextOfStatuse(UserPageClass.java:88)
at pageClasses.UserPageClass.getTextOfStatuse(UserPageClass.java:88)
at pageClasses.UserPageClass.getTextOfStatuse(UserPageClass.java:88)
at pageClasses.UserPageClass.getTextOfStatuse(UserPageClass.java:88)
at pageClasses.UserPageClass.getTextOfStatuse(UserPageClass.java:88)
at pageClasses.UserPageClass.getTextOfStatuse(UserPageClass.java:88)
at pageClasses.UserPageClass.getTextOfStatuse(UserPageClass.java:88)
at pageClasses.UserPageClass.getTextOfStatuse(UserPageClass.java:88)
at pageClasses.UserPageClass.getTextOfStatuse(UserPageClass.java:88)
at pageClasses.UserPageClass.getTextOfStatuse(UserPageClass.java:88)
at pageClasses.UserPageClass.getTextOfStatuse(UserPageClass.java:88)
at pageClasses.UserPageClass.getTextOfStatuse(UserPageClass.java:88)
at pageClasses.UserPageClass.getTextOfStatuse(UserPageClass.java:88)
at pageClasses.UserPageClass.getTextOfStatuse(UserPageClass.java:88)
at pageClasses.UserPageClass.getTextOfStatuse(UserPageClass.java:88)
at pageClasses.UserPageClass.getTextOfStatuse(UserPageClass.java:88)
at pageClasses.UserPageClass.getTextOfStatuse(UserPageClass.java:88)
at pageClasses.UserPageClass.getTextOfStatuse(UserPageClass.java:88)
at pageClasses.UserPageClass.getTextOfStatuse(UserPageClass.java:88)
at pageClasses.UserPageClass.getTextOfStatuse(UserPageClass.java:88)
at pageClasses.UserPageClass.getTextOfStatuse(UserPageClass.java:88)
at pageClasses.UserPageClass.getTextOfStatuse(UserPageClass.java:88)
at pageClasses.UserPageClass.getTextOfStatuse(UserPageClass.java:88)
at pageClasses.UserPageClass.getTextOfStatuse(UserPageClass.java:88)
at pageClasses.UserPageClass.getTextOfStatuse(UserPageClass.java:88)
at pageClasses.UserPageClass.getTextOfStatuse(UserPageClass.java:88)
at pageClasses.UserPageClass.getTextOfStatuse(UserPageClass.java:88)
at pageClasses.UserPageClass.getTextOfStatuse(UserPageClass.java:88)
at pageClasses.UserPageClass.getTextOfStatuse(UserPageClass.java:88)
at pageClasses.UserPageClass.getTextOfStatuse(UserPageClass.java:88)
at pageClasses.UserPageClass.getTextOfStatuse(UserPageClass.java:88)
at pageClasses.UserPageClass.getTextOfStatuse(UserPageClass.java:88)
at pageClasses.UserPageClass.getTextOfStatuse(UserPageClass.java:88)
at pageClasses.UserPageClass.getTextOfStatuse(UserPageClass.java:88)
at pageClasses.UserPageClass.getTextOfStatuse(UserPageClass.java:88)
at pageClasses.UserPageClass.getTextOfStatuse(UserPageClass.java:88)
at pageClasses.UserPageClass.getTextOfStatuse(UserPageClass.java:88)
at pageClasses.UserPageClass.getTextOfStatuse(UserPageClass.java:88)
at pageClasses.UserPageClass.getTextOfStatuse(UserPageClass.java:88)
at pageClasses.UserPageClass.getTextOfStatuse(UserPageClass.java:88)
at pageClasses.UserPageClass.getTextOfStatuse(UserPageClass.java:88)
at pageClasses.UserPageClass.getTextOfStatuse(UserPageClass.java:88)
at pageClasses.UserPageClass.getTextOfStatuse(UserPageClass.java:88)
at pageClasses.UserPageClass.getTextOfStatuse(UserPageClass.java:88)
at pageClasses.UserPageClass.getTextOfStatuse(UserPageClass.java:88)
at pageClasses.UserPageClass.getTextOfStatuse(UserPageClass.java:88)
at pageClasses.UserPageClass.getTextOfStatuse(UserPageClass.java:88)
at pageClasses.UserPageClass.getTextOfStatuse(UserPageClass.java:88)
at pageClasses.UserPageClass.getTextOfStatuse(UserPageClass.java:88)
at pageClasses.UserPageClass.getTextOfStatuse(UserPageClass.java:88)
at pageClasses.UserPageClass.getTextOfStatuse(UserPageClass.java:88)
at pageClasses.UserPageClass.getTextOfStatuse(UserPageClass.java:88)
at pageClasses.UserPageClass.getTextOfStatuse(UserPageClass.java:88)
at pageClasses.UserPageClass.getTextOfStatuse(UserPageClass.java:88)
at pageClasses.UserPageClass.getTextOfStatuse(UserPageClass.java:88)
at pageClasses.UserPageClass.getTextOfStatuse(UserPageClass.java:88)
at pageClasses.UserPageClass.getTextOfStatuse(UserPageClass.java:88)
at pageClasses.UserPageClass.getTextOfStatuse(UserPageClass.java:88)
at pageClasses.UserPageClass.getTextOfStatuse(UserPageClass.java:88)
at pageClasses.UserPageClass.getTextOfStatuse(UserPageClass.java:88)
at pageClasses.UserPageClass.getTextOfStatuse(UserPageClass.java:88)
at pageClasses.UserPageClass.getTextOfStatuse(UserPageClass.java:88)
at pageClasses.UserPageClass.getTextOfStatuse(UserPageClass.java:88)
at pageClasses.UserPageClass.getTextOfStatuse(UserPageClass.java:88)
at pageClasses.UserPageClass.getTextOfStatuse(UserPageClass.java:88)
at pageClasses.UserPageClass.getTextOfStatuse(UserPageClass.java:88)
at pageClasses.UserPageClass.getTextOfStatuse(UserPageClass.java:88)
at pageClasses.UserPageClass.getTextOfStatuse(UserPageClass.java:88)
at pageClasses.UserPageClass.getTextOfStatuse(UserPageClass.java:88)
at pageClasses.UserPageClass.getTextOfStatuse(UserPageClass.java:88)
at pageClasses.UserPageClass.getTextOfStatuse(UserPageClass.java:88)
at pageClasses.UserPageClass.getTextOfStatuse(UserPageClass.java:88)
at pageClasses.UserPageClass.getTextOfStatuse(UserPageClass.java:88)
at pageClasses.UserPageClass.getTextOfStatuse(UserPageClass.java:88)
at pageClasses.UserPageClass.getTextOfStatuse(UserPageClass.java:88)
at pageClasses.UserPageClass.getTextOfStatuse(UserPageClass.java:88)
at pageClasses.UserPageClass.getTextOfStatuse(UserPageClass.java:88)
at pageClasses.UserPageClass.getTextOfStatuse(UserPageClass.java:88)
at pageClasses.UserPageClass.getTextOfStatuse(UserPageClass.java:88)
at pageClasses.UserPageClass.getTextOfStatuse(UserPageClass.java:88)
at pageClasses.UserPageClass.getTextOfStatuse(UserPageClass.java:88)
at pageClasses.UserPageClass.getTextOfStatuse(UserPageClass.java:88)
at pageClasses.UserPageClass.getTextOfStatuse(UserPageClass.java:88)
at pageClasses.UserPageClass.getTextOfStatuse(UserPageClass.java:88)
at pageClasses.UserPageClass.getTextOfStatuse(UserPageClass.java:88)
at pageClasses.UserPageClass.getTextOfStatuse(UserPageClass.java:88)
at pageClasses.UserPageClass.getTextOfStatuse(UserPageClass.java:88)
at pageClasses.UserPageClass.getTextOfStatuse(UserPageClass.java:88)
at pageClasses.UserPageClass.getTextOfStatuse(UserPageClass.java:88)
at pageClasses.UserPageClass.getTextOfStatuse(UserPageClass.java:88)
at pageClasses.UserPageClass.getTextOfStatuse(UserPageClass.java:88)
at pageClasses.UserPageClass.getTextOfStatuse(UserPageClass.java:88)
at pageClasses.UserPageClass.getTextOfStatuse(UserPageClass.java:88)
at pageClasses.UserPageClass.getTextOfStatuse(UserPageClass.java:88)
at pageClasses.UserPageClass.getTextOfStatuse(UserPageClass.java:88)
at pageClasses.UserPageClass.getTextOfStatuse(UserPageClass.java:88)
at pageClasses.UserPageClass.getTextOfStatuse(UserPageClass.java:88)
at pageClasses.UserPageClass.getTextOfStatuse(UserPageClass.java:88)
at pageClasses.UserPageClass.getTextOfStatuse(UserPageClass.java:88)
at pageClasses.UserPageClass.getTextOfStatuse(UserPageClass.java:88)
at pageClasses.UserPageClass.getTextOfStatuse(UserPageClass.java:88)
at pageClasses.UserPageClass.getTextOfStatuse(UserPageClass.java:88)
at pageClasses.UserPageClass.getTextOfStatuse(UserPageClass.java:88)
at pageClasses.UserPageClass.getTextOfStatuse(UserPageClass.java:88)
at pageClasses.UserPageClass.getTextOfStatuse(UserPageClass.java:88)
at pageClasses.UserPageClass.getTextOfStatuse(UserPageClass.java:88)
at pageClasses.UserPageClass.getTextOfStatuse(UserPageClass.java:88)
at pageClasses.UserPageClass.getTextOfStatuse(UserPageClass.java:88)
at pageClasses.UserPageClass.getTextOfStatuse(UserPageClass.java:88)
at pageClasses.UserPageClass.getTextOfStatuse(UserPageClass.java:88)
at pageClasses.UserPageClass.getTextOfStatuse(UserPageClass.java:88)
at pageClasses.UserPageClass.getTextOfStatuse(UserPageClass.java:88)
at pageClasses.UserPageClass.getTextOfStatuse(UserPageClass.java:88)
at pageClasses.UserPageClass.getTextOfStatuse(UserPageClass.java:88)
at pageClasses.UserPageClass.getTextOfStatuse(UserPageClass.java:88)
at pageClasses.UserPageClass.getTextOfStatuse(UserPageClass.java:88)
at pageClasses.UserPageClass.getTextOfStatuse(UserPageClass.java:88)
at pageClasses.UserPageClass.getTextOfStatuse(UserPageClass.java:88)
at pageClasses.UserPageClass.getTextOfStatuse(UserPageClass.java:88)
at pageClasses.UserPageClass.getTextOfStatuse(UserPageClass.java:88)
at pageClasses.UserPageClass.getTextOfStatuse(UserPageClass.java:88)
at pageClasses.UserPageClass.getTextOfStatuse(UserPageClass.java:88)
at pageClasses.UserPageClass.getTextOfStatuse(UserPageClass.java:88)
at pageClasses.UserPageClass.getTextOfStatuse(UserPageClass.java:88)
at pageClasses.UserPageClass.getTextOfStatuse(UserPageClass.java:88)
at pageClasses.UserPageClass.getTextOfStatuse(UserPageClass.java:88)
at pageClasses.UserPageClass.getTextOfStatuse(UserPageClass.java:88)
at pageClasses.UserPageClass.getTextOfStatuse(UserPageClass.java:88)
at pageClasses.UserPageClass.getTextOfStatuse(UserPageClass.java:88)
at pageClasses.UserPageClass.getTextOfStatuse(UserPageClass.java:88)
at pageClasses.UserPageClass.getTextOfStatuse(UserPageClass.java:88)
at pageClasses.UserPageClass.getTextOfStatuse(UserPageClass.java:88)
at pageClasses.UserPageClass.getTextOfStatuse(UserPageClass.java:88)
at pageClasses.UserPageClass.getTextOfStatuse(UserPageClass.java:88)
at pageClasses.UserPageClass.getTextOfStatuse(UserPageClass.java:88)
at pageClasses.UserPageClass.getTextOfStatuse(UserPageClass.java:88)
at pageClasses.UserPageClass.getTextOfStatuse(UserPageClass.java:88)
at pageClasses.UserPageClass.getTextOfStatuse(UserPageClass.java:88)
at pageClasses.UserPageClass.getTextOfStatuse(UserPageClass.java:88)
at pageClasses.UserPageClass.getTextOfStatuse(UserPageClass.java:88)
at pageClasses.UserPageClass.getTextOfStatuse(UserPageClass.java:88)
at pageClasses.UserPageClass.getTextOfStatuse(UserPageClass.java:88)
at pageClasses.UserPageClass.getTextOfStatuse(UserPageClass.java:88)
at pageClasses.UserPageClass.getTextOfStatuse(UserPageClass.java:88)
at pageClasses.UserPageClass.getTextOfStatuse(UserPageClass.java:88)
at pageClasses.UserPageClass.getTextOfStatuse(UserPageClass.java:88)
at pageClasses.UserPageClass.getTextOfStatuse(UserPageClass.java:88)
at pageClasses.UserPageClass.getTextOfStatuse(UserPageClass.java:88)
at pageClasses.UserPageClass.getTextOfStatuse(UserPageClass.java:88)
at pageClasses.UserPageClass.getTextOfStatuse(UserPageClass.java:88)
at pageClasses.UserPageClass.getTextOfStatuse(UserPageClass.java:88)
at pageClasses.UserPageClass.getTextOfStatuse(UserPageClass.java:88)
at pageClasses.UserPageClass.getTextOfStatuse(UserPageClass.java:88)
at pageClasses.UserPageClass.getTextOfStatuse(UserPageClass.java:88)
at pageClasses.UserPageClass.getTextOfStatuse(UserPageClass.java:88)
at pageClasses.UserPageClass.getTextOfStatuse(UserPageClass.java:88)
at pageClasses.UserPageClass.getTextOfStatuse(UserPageClass.java:88)
at pageClasses.UserPageClass.getTextOfStatuse(UserPageClass.java:88)
at pageClasses.UserPageClass.getTextOfStatuse(UserPageClass.java:88)
at pageClasses.UserPageClass.getTextOfStatuse(UserPageClass.java:88)
at pageClasses.UserPageClass.getTextOfStatuse(UserPageClass.java:88)
at pageClasses.UserPageClass.getTextOfStatuse(UserPageClass.java:88)
at pageClasses.UserPageClass.getTextOfStatuse(UserPageClass.java:88)
at pageClasses.UserPageClass.getTextOfStatuse(UserPageClass.java:88)
at pageClasses.UserPageClass.getTextOfStatuse(UserPageClass.java:88)
at pageClasses.UserPageClass.getTextOfStatuse(UserPageClass.java:88)
at pageClasses.UserPageClass.getTextOfStatuse(UserPageClass.java:88)
at pageClasses.UserPageClass.getTextOfStatuse(UserPageClass.java:88)
at pageClasses.UserPageClass.getTextOfStatuse(UserPageClass.java:88)
at pageClasses.UserPageClass.getTextOfStatuse(UserPageClass.java:88)
at pageClasses.UserPageClass.getTextOfStatuse(UserPageClass.java:88)
at pageClasses.UserPageClass.getTextOfStatuse(UserPageClass.java:88)
at pageClasses.UserPageClass.getTextOfStatuse(UserPageClass.java:88)
at pageClasses.UserPageClass.getTextOfStatuse(UserPageClass.java:88)
at pageClasses.UserPageClass.getTextOfStatuse(UserPageClass.java:88)
at pageClasses.UserPageClass.getTextOfStatuse(UserPageClass.java:88)
at pageClasses.UserPageClass.getTextOfStatuse(UserPageClass.java:88)
at pageClasses.UserPageClass.getTextOfStatuse(UserPageClass.java:88)
at pageClasses.UserPageClass.getTextOfStatuse(UserPageClass.java:88)
at pageClasses.UserPageClass.getTextOfStatuse(UserPageClass.java:88)
at pageClasses.UserPageClass.getTextOfStatuse(UserPageClass.java:88)
at pageClasses.UserPageClass.getTextOfStatuse(UserPageClass.java:88)
at pageClasses.UserPageClass.getTextOfStatuse(UserPageClass.java:88)
at pageClasses.UserPageClass.getTextOfStatuse(UserPageClass.java:88)
at pageClasses.UserPageClass.getTextOfStatuse(UserPageClass.java:88)
at pageClasses.UserPageClass.getTextOfStatuse(UserPageClass.java:88)
at pageClasses.UserPageClass.getTextOfStatuse(UserPageClass.java:88)
at pageClasses.UserPageClass.getTextOfStatuse(UserPageClass.java:88)
at pageClasses.UserPageClass.getTextOfStatuse(UserPageClass.java:88)
at pageClasses.UserPageClass.getTextOfStatuse(UserPageClass.java:88)
at pageClasses.UserPageClass.getTextOfStatuse(UserPageClass.java:88)
at pageClasses.UserPageClass.getTextOfStatuse(UserPageClass.java:88)
at pageClasses.UserPageClass.getTextOfStatuse(UserPageClass.java:88)
at pageClasses.UserPageClass.getTextOfStatuse(UserPageClass.java:88)
at pageClasses.UserPageClass.getTextOfStatuse(UserPageClass.java:88)
at pageClasses.UserPageClass.getTextOfStatuse(UserPageClass.java:88)
at pageClasses.UserPageClass.getTextOfStatuse(UserPageClass.java:88)
at pageClasses.UserPageClass.getTextOfStatuse(UserPageClass.java:88)
at pageClasses.UserPageClass.getTextOfStatuse(UserPageClass.java:88)
at pageClasses.UserPageClass.getTextOfStatuse(UserPageClass.java:88)
at pageClasses.UserPageClass.getTextOfStatuse(UserPageClass.java:88)
at pageClasses.UserPageClass.getTextOfStatuse(UserPageClass.java:88)
at pageClasses.UserPageClass.getTextOfStatuse(UserPageClass.java:88)
at pageClasses.UserPageClass.getTextOfStatuse(UserPageClass.java:88)
at pageClasses.UserPageClass.getTextOfStatuse(UserPageClass.java:88)
at pageClasses.UserPageClass.getTextOfStatuse(UserPageClass.java:88)
at pageClasses.UserPageClass.getTextOfStatuse(UserPageClass.java:88)
at pageClasses.UserPageClass.getTextOfStatuse(UserPageClass.java:88)
at pageClasses.UserPageClass.getTextOfStatuse(UserPageClass.java:88)
at pageClasses.UserPageClass.getTextOfStatuse(UserPageClass.java:88)
at pageClasses.UserPageClass.getTextOfStatuse(UserPageClass.java:88)
at pageClasses.UserPageClass.getTextOfStatuse(UserPageClass.java:88)
at pageClasses.UserPageClass.getTextOfStatuse(UserPageClass.java:88)
at pageClasses.UserPageClass.getTextOfStatuse(UserPageClass.java:88)
at pageClasses.UserPageClass.getTextOfStatuse(UserPageClass.java:88)
at pageClasses.UserPageClass.getTextOfStatuse(UserPageClass.java:88)
at pageClasses.UserPageClass.getTextOfStatuse(UserPageClass.java:88)
at pageClasses.UserPageClass.getTextOfStatuse(UserPageClass.java:88)
at pageClasses.UserPageClass.getTextOfStatuse(UserPageClass.java:88)
at pageClasses.UserPageClass.getTextOfStatuse(UserPageClass.java:88)
at pageClasses.UserPageClass.getTextOfStatuse(UserPageClass.java:88)
at pageClasses.UserPageClass.getTextOfStatuse(UserPageClass.java:88)
at pageClasses.UserPageClass.getTextOfStatuse(UserPageClass.java:88)
at pageClasses.UserPageClass.getTextOfStatuse(UserPageClass.java:88)
at pageClasses.UserPageClass.getTextOfStatuse(UserPageClass.java:88)
at pageClasses.UserPageClass.getTextOfStatuse(UserPageClass.java:88)
at pageClasses.UserPageClass.getTextOfStatuse(UserPageClass.java:88)
at pageClasses.UserPageClass.getTextOfStatuse(UserPageClass.java:88)
at pageClasses.UserPageClass.getTextOfStatuse(UserPageClass.java:88)
at pageClasses.UserPageClass.getTextOfStatuse(UserPageClass.java:88)
at pageClasses.UserPageClass.getTextOfStatuse(UserPageClass.java:88)
at pageClasses.UserPageClass.getTextOfStatuse(UserPageClass.java:88)
at pageClasses.UserPageClass.getTextOfStatuse(UserPageClass.java:88)
at pageClasses.UserPageClass.getTextOfStatuse(UserPageClass.java:88)
at pageClasses.UserPageClass.getTextOfStatuse(UserPageClass.java:88)
at pageClasses.UserPageClass.getTextOfStatuse(UserPageClass.java:88)
at pageClasses.UserPageClass.getTextOfStatuse(UserPageClass.java:88)
at pageClasses.UserPageClass.getTextOfStatuse(UserPageClass.java:88)
at pageClasses.UserPageClass.getTextOfStatuse(UserPageClass.java:88)
at pageClasses.UserPageClass.getTextOfStatuse(UserPageClass.java:88)
at pageClasses.UserPageClass.getTextOfStatuse(UserPageClass.java:88)
at pageClasses.UserPageClass.getTextOfStatuse(UserPageClass.java:88)
at pageClasses.UserPageClass.getTextOfStatuse(UserPageClass.java:88)
at pageClasses.UserPageClass.getTextOfStatuse(UserPageClass.java:88)
at pageClasses.UserPageClass.getTextOfStatuse(UserPageClass.java:88)
at pageClasses.UserPageClass.getTextOfStatuse(UserPageClass.java:88)
at pageClasses.UserPageClass.getTextOfStatuse(UserPageClass.java:88)
at pageClasses.UserPageClass.getTextOfStatuse(UserPageClass.java:88)
at pageClasses.UserPageClass.getTextOfStatuse(UserPageClass.java:88)
at pageClasses.UserPageClass.getTextOfStatuse(UserPageClass.java:88)
at pageClasses.UserPageClass.getTextOfStatuse(UserPageClass.java:88)
at pageClasses.UserPageClass.getTextOfStatuse(UserPageClass.java:88)
at pageClasses.UserPageClass.getTextOfStatuse(UserPageClass.java:88)
at pageClasses.UserPageClass.getTextOfStatuse(UserPageClass.java:88)
at pageClasses.UserPageClass.getTextOfStatuse(UserPageClass.java:88)
at pageClasses.UserPageClass.getTextOfStatuse(UserPageClass.java:88)
at pageClasses.UserPageClass.getTextOfStatuse(UserPageClass.java:88)
at pageClasses.UserPageClass.getTextOfStatuse(UserPageClass.java:88)
at pageClasses.UserPageClass.getTextOfStatuse(UserPageClass.java:88)
at pageClasses.UserPageClass.getTextOfStatuse(UserPageClass.java:88)
at pageClasses.UserPageClass.getTextOfStatuse(UserPageClass.java:88)
at pageClasses.UserPageClass.getTextOfStatuse(UserPageClass.java:88)
at pageClasses.UserPageClass.getTextOfStatuse(UserPageClass.java:88)
at pageClasses.UserPageClass.getTextOfStatuse(UserPageClass.java:88)
at pageClasses.UserPageClass.getTextOfStatuse(UserPageClass.java:88)
at pageClasses.UserPageClass.getTextOfStatuse(UserPageClass.java:88)
at pageClasses.UserPageClass.getTextOfStatuse(UserPageClass.java:88)
at pageClasses.UserPageClass.getTextOfStatuse(UserPageClass.java:88)
at pageClasses.UserPageClass.getTextOfStatuse(UserPageClass.java:88)
at pageClasses.UserPageClass.getTextOfStatuse(UserPageClass.java:88)
at pageClasses.UserPageClass.getTextOfStatuse(UserPageClass.java:88)
at pageClasses.UserPageClass.getTextOfStatuse(UserPageClass.java:88)
at pageClasses.UserPageClass.getTextOfStatuse(UserPageClass.java:88)
at pageClasses.UserPageClass.getTextOfStatuse(UserPageClass.java:88)
at pageClasses.UserPageClass.getTextOfStatuse(UserPageClass.java:88)
at pageClasses.UserPageClass.getTextOfStatuse(UserPageClass.java:88)
at pageClasses.UserPageClass.getTextOfStatuse(UserPageClass.java:88)
at pageClasses.UserPageClass.getTextOfStatuse(UserPageClass.java:88)
at pageClasses.UserPageClass.getTextOfStatuse(UserPageClass.java:88)
at pageClasses.UserPageClass.getTextOfStatuse(UserPageClass.java:88)
at pageClasses.UserPageClass.getTextOfStatuse(UserPageClass.java:88)
at pageClasses.UserPageClass.getTextOfStatuse(UserPageClass.java:88)
at pageClasses.UserPageClass.getTextOfStatuse(UserPageClass.java:88)
at pageClasses.UserPageClass.getTextOfStatuse(UserPageClass.java:88)
at pageClasses.UserPageClass.getTextOfStatuse(UserPageClass.java:88)
at pageClasses.UserPageClass.getTextOfStatuse(UserPageClass.java:88)
at pageClasses.UserPageClass.getTextOfStatuse(UserPageClass.java:88)
at pageClasses.UserPageClass.getTextOfStatuse(UserPageClass.java:88)
at pageClasses.UserPageClass.getTextOfStatuse(UserPageClass.java:88)
at pageClasses.UserPageClass.getTextOfStatuse(UserPageClass.java:88)
at pageClasses.UserPageClass.getTextOfStatuse(UserPageClass.java:88)
at pageClasses.UserPageClass.getTextOfStatuse(UserPageClass.java:88)
at pageClasses.UserPageClass.getTextOfStatuse(UserPageClass.java:88)
at pageClasses.UserPageClass.getTextOfStatuse(UserPageClass.java:88)
at pageClasses.UserPageClass.getTextOfStatuse(UserPageClass.java:88)
at pageClasses.UserPageClass.getTextOfStatuse(UserPageClass.java:88)
at pageClasses.UserPageClass.getTextOfStatuse(UserPageClass.java:88)
at pageClasses.UserPageClass.getTextOfStatuse(UserPageClass.java:88)
at pageClasses.UserPageClass.getTextOfStatuse(UserPageClass.java:88)
at pageClasses.UserPageClass.getTextOfStatuse(UserPageClass.java:88)
at pageClasses.UserPageClass.getTextOfStatuse(UserPageClass.java:88)
at pageClasses.UserPageClass.getTextOfStatuse(UserPageClass.java:88)
at pageClasses.UserPageClass.getTextOfStatuse(UserPageClass.java:88)
at pageClasses.UserPageClass.getTextOfStatuse(UserPageClass.java:88)
at pageClasses.UserPageClass.getTextOfStatuse(UserPageClass.java:88)
at pageClasses.UserPageClass.getTextOfStatuse(UserPageClass.java:88)
at pageClasses.UserPageClass.getTextOfStatuse(UserPageClass.java:88)
at pageClasses.UserPageClass.getTextOfStatuse(UserPageClass.java:88)
at pageClasses.UserPageClass.getTextOfStatuse(UserPageClass.java:88)
at pageClasses.UserPageClass.getTextOfStatuse(UserPageClass.java:88)
at pageClasses.UserPageClass.getTextOfStatuse(UserPageClass.java:88)
at pageClasses.UserPageClass.getTextOfStatuse(UserPageClass.java:88)
at pageClasses.UserPageClass.getTextOfStatuse(UserPageClass.java:88)
at pageClasses.UserPageClass.getTextOfStatuse(UserPageClass.java:88)
at pageClasses.UserPageClass.getTextOfStatuse(UserPageClass.java:88)
at pageClasses.UserPageClass.getTextOfStatuse(UserPageClass.java:88)
at pageClasses.UserPageClass.getTextOfStatuse(UserPageClass.java:88)
at pageClasses.UserPageClass.getTextOfStatuse(UserPageClass.java:88)
at pageClasses.UserPageClass.getTextOfStatuse(UserPageClass.java:88)
at pageClasses.UserPageClass.getTextOfStatuse(UserPageClass.java:88)
at pageClasses.UserPageClass.getTextOfStatuse(UserPageClass.java:88)
at pageClasses.UserPageClass.getTextOfStatuse(UserPageClass.java:88)
at pageClasses.UserPageClass.getTextOfStatuse(UserPageClass.java:88)
at pageClasses.UserPageClass.getTextOfStatuse(UserPageClass.java:88)
at pageClasses.UserPageClass.getTextOfStatuse(UserPageClass.java:88)
at pageClasses.UserPageClass.getTextOfStatuse(UserPageClass.java:88)
at pageClasses.UserPageClass.getTextOfStatuse(UserPageClass.java:88)
at pageClasses.UserPageClass.getTextOfStatuse(UserPageClass.java:88)
at pageClasses.UserPageClass.getTextOfStatuse(UserPageClass.java:88)
at pageClasses.UserPageClass.getTextOfStatuse(UserPageClass.java:88)
at pageClasses.UserPageClass.getTextOfStatuse(UserPageClass.java:88)
at pageClasses.UserPageClass.getTextOfStatuse(UserPageClass.java:88)
at pageClasses.UserPageClass.getTextOfStatuse(UserPageClass.java:88)
at pageClasses.UserPageClass.getTextOfStatuse(UserPageClass.java:88)
at pageClasses.UserPageClass.getTextOfStatuse(UserPageClass.java:88)
at pageClasses.UserPageClass.getTextOfStatuse(UserPageClass.java:88)
at pageClasses.UserPageClass.getTextOfStatuse(UserPageClass.java:88)
at pageClasses.UserPageClass.getTextOfStatuse(UserPageClass.java:88)
at pageClasses.UserPageClass.getTextOfStatuse(UserPageClass.java:88)
at pageClasses.UserPageClass.getTextOfStatuse(UserPageClass.java:88)
at pageClasses.UserPageClass.getTextOfStatuse(UserPageClass.java:88)
at pageClasses.UserPageClass.getTextOfStatuse(UserPageClass.java:88)
at pageClasses.UserPageClass.getTextOfStatuse(UserPageClass.java:88)
at pageClasses.UserPageClass.getTextOfStatuse(UserPageClass.java:88)
at pageClasses.UserPageClass.getTextOfStatuse(UserPageClass.java:88)
at pageClasses.UserPageClass.getTextOfStatuse(UserPageClass.java:88)
at pageClasses.UserPageClass.getTextOfStatuse(UserPageClass.java:88)
at pageClasses.UserPageClass.getTextOfStatuse(UserPageClass.java:88)
at pageClasses.UserPageClass.getTextOfStatuse(UserPageClass.java:88)
at pageClasses.UserPageClass.getTextOfStatuse(UserPageClass.java:88)
at pageClasses.UserPageClass.getTextOfStatuse(UserPageClass.java:88)
at pageClasses.UserPageClass.getTextOfStatuse(UserPageClass.java:88)
at pageClasses.UserPageClass.getTextOfStatuse(UserPageClass.java:88)
at pageClasses.UserPageClass.getTextOfStatuse(UserPageClass.java:88)
at pageClasses.UserPageClass.getTextOfStatuse(UserPageClass.java:88)
at pageClasses.UserPageClass.getTextOfStatuse(UserPageClass.java:88)
at pageClasses.UserPageClass.getTextOfStatuse(UserPageClass.java:88)
at pageClasses.UserPageClass.getTextOfStatuse(UserPageClass.java:88)
at pageClasses.UserPageClass.getTextOfStatuse(UserPageClass.java:88)
at pageClasses.UserPageClass.getTextOfStatuse(UserPageClass.java:88)
at pageClasses.UserPageClass.getTextOfStatuse(UserPageClass.java:88)
at pageClasses.UserPageClass.getTextOfStatuse(UserPageClass.java:88)
at pageClasses.UserPageClass.getTextOfStatuse(UserPageClass.java:88)
at pageClasses.UserPageClass.getTextOfStatuse(UserPageClass.java:88)
at pageClasses.UserPageClass.getTextOfStatuse(UserPageClass.java:88)
at pageClasses.UserPageClass.getTextOfStatuse(UserPageClass.java:88)
at pageClasses.UserPageClass.getTextOfStatuse(UserPageClass.java:88)
at pageClasses.UserPageClass.getTextOfStatuse(UserPageClass.java:88)
at pageClasses.UserPageClass.getTextOfStatuse(UserPageClass.java:88)
at pageClasses.UserPageClass.getTextOfStatuse(UserPageClass.java:88)
at pageClasses.UserPageClass.getTextOfStatuse(UserPageClass.java:88)
at pageClasses.UserPageClass.getTextOfStatuse(UserPageClass.java:88)
at pageClasses.UserPageClass.getTextOfStatuse(UserPageClass.java:88)
at pageClasses.UserPageClass.getTextOfStatuse(UserPageClass.java:88)
at pageClasses.UserPageClass.getTextOfStatuse(UserPageClass.java:88)
]]>
            </full-stacktrace>
          </exception> <!-- java.lang.StackOverflowError -->
          <reporter-output>
          </reporter-output>
        </test-method> <!-- verifyUserIsAbleToSelectShowEntryDropdowninUserPage -->
        <test-method is-config="true" signature="afterMethod()[pri:0, instance:testClasses.userTestClass@799f10e1]" started-at="2025-07-30T22:50:44 EDT" name="afterMethod" finished-at="2025-07-30T22:50:44 EDT" duration-ms="0" status="PASS">
          <reporter-output>
          </reporter-output>
        </test-method> <!-- afterMethod -->
      </class> <!-- testClasses.userTestClass -->
    </test> <!-- Default test -->
  </suite> <!-- Default suite -->
</testng-results>
